4         Threads
50        Connections per thread
600       Seconds


ALL STATS
============================================================================================================================================
Type         Ops/sec     Hits/sec   Misses/sec    Avg. Latency     p50 Latency     p99 Latency   p99.5 Latency   p99.9 Latency       KB/sec 
--------------------------------------------------------------------------------------------------------------------------------------------
Sets         2206.91          ---          ---         8.27029         6.81500        27.64700        32.51100        37.88700       150.62 
Gets        22067.53        11.52     22056.01         8.22975         6.78300        27.51900        32.25500        37.88700       558.59 
Waits           0.00          ---          ---             ---             ---             ---             ---             ---          --- 
Totals      24274.44        11.52     22056.01         8.23344         6.78300        27.51900        32.25500        37.88700       709.20 


Request Latency Distribution
Type     <= msec         Percent
------------------------------------------------------------------------
SET       0.543        0.000
SET       2.447        5.000
SET       2.927       10.000
SET       3.423       15.000
SET       3.903       20.000
SET       4.351       25.000
SET       4.863       30.000
SET       5.279       35.000
SET       5.631       40.000
SET       6.175       45.000
SET       6.815       50.000
SET       7.103       52.500
SET       7.455       55.000
SET       7.839       57.500
SET       8.191       60.000
SET       8.575       62.500
SET       9.023       65.000
SET       9.471       67.500
SET       9.855       70.000
SET      10.431       72.500
SET      10.943       75.000
SET      11.199       76.250
SET      11.519       77.500
SET      11.775       78.750
SET      12.095       80.000
SET      12.415       81.250
SET      12.735       82.500
SET      13.119       83.750
SET      13.439       85.000
SET      13.823       86.250
SET      14.271       87.500
SET      14.463       88.125
SET      14.655       88.750
SET      14.911       89.375
SET      15.167       90.000
SET      15.423       90.625
SET      15.743       91.250
SET      16.063       91.875
SET      16.511       92.500
SET      16.895       93.125
SET      17.407       93.750
SET      17.663       94.062
SET      17.919       94.375
SET      18.175       94.688
SET      18.559       95.000
SET      18.943       95.312
SET      19.327       95.625
SET      19.711       95.938
SET      20.095       96.250
SET      20.479       96.562
SET      20.991       96.875
SET      21.247       97.031
SET      21.503       97.188
SET      21.759       97.344
SET      22.143       97.500
SET      22.527       97.656
SET      22.911       97.812
SET      23.423       97.969
SET      23.935       98.125
SET      24.447       98.281
SET      24.959       98.438
SET      25.343       98.516
SET      25.599       98.594
SET      25.855       98.672
SET      26.111       98.750
SET      26.495       98.828
SET      27.007       98.906
SET      27.519       98.984
SET      28.031       99.062
SET      28.671       99.141
SET      29.311       99.219
SET      29.695       99.258
SET      30.079       99.297
SET      30.591       99.336
SET      31.103       99.375
SET      31.487       99.414
SET      31.999       99.453
SET      32.383       99.492
SET      32.767       99.531
SET      33.023       99.570
SET      33.535       99.609
SET      33.535       99.629
SET      33.791       99.648
SET      34.047       99.668
SET      34.303       99.688
SET      34.559       99.707
SET      34.815       99.727
SET      35.071       99.746
SET      35.327       99.766
SET      35.583       99.785
SET      35.839       99.805
SET      36.095       99.814
SET      36.095       99.824
SET      36.351       99.834
SET      36.607       99.844
SET      36.607       99.854
SET      36.863       99.863
SET      37.119       99.873
SET      37.375       99.883
SET      37.887       99.893
SET      38.143       99.902
SET      38.143       99.907
SET      38.399       99.912
SET      38.911       99.917
SET      38.911       99.922
SET      39.423       99.927
SET      39.679       99.932
SET      40.191       99.937
SET      40.447       99.941
SET      40.959       99.946
SET      41.471       99.951
SET      41.727       99.954
SET      41.983       99.956
SET      42.239       99.958
SET      42.751       99.961
SET      43.007       99.963
SET      43.263       99.966
SET      43.775       99.968
SET      44.031       99.971
SET      44.287       99.973
SET      44.543       99.976
SET      44.799       99.977
SET      45.311       99.978
SET      45.567       99.979
SET      45.823       99.980
SET      46.079       99.982
SET      46.335       99.983
SET      46.847       99.984
SET      47.359       99.985
SET      47.359       99.987
SET      47.871       99.988
SET      47.871       99.988
SET      48.127       99.989
SET      48.127       99.990
SET      48.383       99.990
SET      48.639       99.991
SET      48.639       99.991
SET      48.895       99.992
SET      48.895       99.993
SET      49.151       99.993
SET      49.407       99.994
SET      49.663       99.994
SET      49.663       99.995
SET      49.663       99.995
SET      49.919       99.995
SET      50.175       99.995
SET      50.175       99.996
SET      50.431       99.996
SET      50.687       99.996
SET      50.943       99.997
SET      50.943       99.997
SET      50.943       99.997
SET      50.943       99.997
SET      51.455       99.997
SET      51.455       99.998
SET      51.455       99.998
SET      51.455       99.998
SET      51.711       99.998
SET      51.711       99.998
SET      51.967       99.998
SET      51.967       99.998
SET      52.223       99.999
SET      52.223       99.999
SET      52.223       99.999
SET      52.223       99.999
SET      52.479       99.999
SET      52.479       99.999
SET      52.479       99.999
SET      52.991       99.999
SET      53.247       99.999
SET      53.247       99.999
SET      53.247       99.999
SET      53.247       99.999
SET      53.759       99.999
SET      53.759       99.999
SET      54.271       99.999
SET      54.271       99.999
SET      54.271      100.000
SET      54.271      100.000
SET      54.527      100.000
SET      54.527      100.000
SET      57.087      100.000
SET      57.087      100.000
SET      57.087      100.000
SET      57.087      100.000
SET      58.623      100.000
SET      58.623      100.000
SET      58.623      100.000
SET      58.623      100.000
SET      59.391      100.000
SET      59.391      100.000
SET      59.391      100.000
SET      59.391      100.000
SET      59.391      100.000
SET      59.391      100.000
SET      59.391      100.000
SET      59.391      100.000
SET      59.391      100.000
SET      59.391      100.000
SET      59.391      100.000
SET      59.391      100.000
SET      59.391      100.000
SET      59.391      100.000
SET      59.391      100.000
SET      59.391      100.000
SET      63.743      100.000
SET      63.743      100.000
---
GET       0.439        0.000
GET       2.431        5.000
GET       2.895       10.000
GET       3.391       15.000
GET       3.887       20.000
GET       4.319       25.000
GET       4.831       30.000
GET       5.247       35.000
GET       5.631       40.000
GET       6.143       45.000
GET       6.783       50.000
GET       7.071       52.500
GET       7.423       55.000
GET       7.807       57.500
GET       8.159       60.000
GET       8.511       62.500
GET       8.959       65.000
GET       9.407       67.500
GET       9.791       70.000
GET      10.367       72.500
GET      10.879       75.000
GET      11.199       76.250
GET      11.455       77.500
GET      11.711       78.750
GET      12.031       80.000
GET      12.351       81.250
GET      12.735       82.500
GET      13.055       83.750
GET      13.439       85.000
GET      13.823       86.250
GET      14.207       87.500
GET      14.399       88.125
GET      14.655       88.750
GET      14.847       89.375
GET      15.103       90.000
GET      15.423       90.625
GET      15.679       91.250
GET      15.999       91.875
GET      16.383       92.500
GET      16.895       93.125
GET      17.279       93.750
GET      17.535       94.062
GET      17.791       94.375
GET      18.175       94.688
GET      18.431       95.000
GET      18.815       95.312
GET      19.199       95.625
GET      19.711       95.938
GET      20.095       96.250
GET      20.479       96.562
GET      20.863       96.875
GET      21.119       97.031
GET      21.375       97.188
GET      21.759       97.344
GET      22.015       97.500
GET      22.399       97.656
GET      22.783       97.812
GET      23.295       97.969
GET      23.807       98.125
GET      24.319       98.281
GET      24.831       98.438
GET      25.215       98.516
GET      25.471       98.594
GET      25.727       98.672
GET      25.983       98.750
GET      26.367       98.828
GET      26.879       98.906
GET      27.391       98.984
GET      27.903       99.062
GET      28.415       99.141
GET      29.055       99.219
GET      29.439       99.258
GET      29.823       99.297
GET      30.335       99.336
GET      30.847       99.375
GET      31.231       99.414
GET      31.743       99.453
GET      32.127       99.492
GET      32.511       99.531
GET      33.023       99.570
GET      33.279       99.609
GET      33.535       99.629
GET      33.535       99.648
GET      33.791       99.668
GET      34.047       99.688
GET      34.303       99.707
GET      34.559       99.727
GET      34.815       99.746
GET      35.071       99.766
GET      35.327       99.785
GET      35.583       99.805
GET      35.839       99.814
GET      35.839       99.824
GET      36.095       99.834
GET      36.351       99.844
GET      36.351       99.854
GET      36.607       99.863
GET      36.863       99.873
GET      37.119       99.883
GET      37.375       99.893
GET      37.887       99.902
GET      37.887       99.907
GET      38.143       99.912
GET      38.399       99.917
GET      38.655       99.922
GET      38.911       99.927
GET      39.167       99.932
GET      39.679       99.937
GET      39.935       99.941
GET      40.447       99.946
GET      40.703       99.951
GET      40.959       99.954
GET      41.215       99.956
GET      41.471       99.958
GET      41.983       99.961
GET      42.239       99.963
GET      42.495       99.966
GET      42.751       99.968
GET      43.263       99.971
GET      43.775       99.973
GET      44.031       99.976
GET      44.287       99.977
GET      44.543       99.978
GET      44.799       99.979
GET      45.055       99.980
GET      45.311       99.982
GET      45.567       99.983
GET      45.823       99.984
GET      46.079       99.985
GET      46.591       99.987
GET      46.847       99.988
GET      47.103       99.988
GET      47.359       99.989
GET      47.615       99.990
GET      47.871       99.990
GET      48.127       99.991
GET      48.127       99.991
GET      48.383       99.992
GET      48.639       99.993
GET      48.895       99.993
GET      48.895       99.994
GET      49.151       99.994
GET      49.151       99.995
GET      49.407       99.995
GET      49.407       99.995
GET      49.407       99.995
GET      49.663       99.996
GET      49.663       99.996
GET      49.919       99.996
GET      50.175       99.997
GET      50.431       99.997
GET      50.431       99.997
GET      50.687       99.997
GET      50.943       99.997
GET      50.943       99.998
GET      51.199       99.998
GET      51.199       99.998
GET      51.455       99.998
GET      51.455       99.998
GET      51.711       99.998
GET      51.967       99.998
GET      51.967       99.999
GET      51.967       99.999
GET      52.223       99.999
GET      52.223       99.999
GET      52.479       99.999
GET      52.479       99.999
GET      52.735       99.999
GET      52.735       99.999
GET      52.991       99.999
GET      53.247       99.999
GET      53.503       99.999
GET      53.759       99.999
GET      53.759       99.999
GET      54.271       99.999
GET      54.271       99.999
GET      54.527       99.999
GET      55.039      100.000
GET      55.551      100.000
GET      56.575      100.000
GET      57.087      100.000
GET      57.087      100.000
GET      57.343      100.000
GET      57.343      100.000
GET      57.599      100.000
GET      57.599      100.000
GET      57.599      100.000
GET      58.111      100.000
GET      58.111      100.000
GET      58.111      100.000
GET      58.111      100.000
GET      58.367      100.000
GET      58.367      100.000
GET      58.623      100.000
GET      58.623      100.000
GET      58.879      100.000
GET      58.879      100.000
GET      59.135      100.000
GET      59.135      100.000
GET      59.135      100.000
GET      59.135      100.000
GET      59.391      100.000
GET      59.391      100.000
GET      59.391      100.000
GET      59.391      100.000
GET      59.391      100.000
GET      59.903      100.000
GET      59.903      100.000
GET      59.903      100.000
GET      60.159      100.000
GET      60.159      100.000
GET      60.415      100.000
GET      60.415      100.000
GET      60.415      100.000
GET      60.415      100.000
GET      60.415      100.000
GET      60.415      100.000
GET      60.415      100.000
GET      63.743      100.000
GET      63.743      100.000
GET      63.743      100.000
GET      64.511      100.000
GET      64.511      100.000
GET      64.511      100.000
GET      64.511      100.000
GET      64.511      100.000
GET      64.511      100.000
GET      64.511      100.000
GET      64.511      100.000
GET      64.511      100.000
GET      64.511      100.000
GET      64.511      100.000
GET      64.511      100.000
GET      64.511      100.000
GET      64.511      100.000
GET      64.511      100.000
GET      64.511      100.000
GET      64.511      100.000
GET      67.071      100.000
GET      67.071      100.000
---
WAIT      0.000      100.000
