4         Threads
50        Connections per thread
600       Seconds


ALL STATS
============================================================================================================================================
Type         Ops/sec     Hits/sec   Misses/sec    Avg. Latency     p50 Latency     p99 Latency   p99.5 Latency   p99.9 Latency       KB/sec 
--------------------------------------------------------------------------------------------------------------------------------------------
Sets         2568.00          ---          ---         7.08389         6.68700        18.04700        20.09500        23.16700       175.26 
Gets        25678.27        18.63     25659.64         7.07549         6.68700        17.91900        19.96700        22.91100       650.30 
Waits           0.00          ---          ---             ---             ---             ---             ---             ---          --- 
Totals      28246.27        18.63     25659.64         7.07626         6.68700        17.91900        20.09500        23.03900       825.57 


Request Latency Distribution
Type     <= msec         Percent
------------------------------------------------------------------------
SET       0.431        0.000
SET       2.319        5.000
SET       2.783       10.000
SET       3.183       15.000
SET       3.679       20.000
SET       4.159       25.000
SET       4.671       30.000
SET       5.151       35.000
SET       5.567       40.000
SET       6.143       45.000
SET       6.687       50.000
SET       6.943       52.500
SET       7.231       55.000
SET       7.487       57.500
SET       7.743       60.000
SET       7.935       62.500
SET       8.063       65.000
SET       8.127       67.500
SET       8.319       70.000
SET       8.639       72.500
SET       8.895       75.000
SET       9.087       76.250
SET       9.279       77.500
SET       9.535       78.750
SET       9.727       80.000
SET       9.983       81.250
SET      10.239       82.500
SET      10.559       83.750
SET      10.815       85.000
SET      11.135       86.250
SET      11.455       87.500
SET      11.647       88.125
SET      11.839       88.750
SET      12.031       89.375
SET      12.223       90.000
SET      12.479       90.625
SET      12.735       91.250
SET      12.927       91.875
SET      13.247       92.500
SET      13.567       93.125
SET      13.887       93.750
SET      14.079       94.062
SET      14.207       94.375
SET      14.399       94.688
SET      14.527       95.000
SET      14.655       95.312
SET      14.847       95.625
SET      14.975       95.938
SET      15.167       96.250
SET      15.295       96.562
SET      15.487       96.875
SET      15.551       97.031
SET      15.679       97.188
SET      15.743       97.344
SET      15.871       97.500
SET      15.935       97.656
SET      16.063       97.812
SET      16.191       97.969
SET      16.319       98.125
SET      16.511       98.281
SET      16.767       98.438
SET      16.767       98.516
SET      16.895       98.594
SET      17.151       98.672
SET      17.279       98.750
SET      17.535       98.828
SET      17.663       98.906
SET      17.919       98.984
SET      18.175       99.062
SET      18.431       99.141
SET      18.815       99.219
SET      18.943       99.258
SET      19.071       99.297
SET      19.327       99.336
SET      19.455       99.375
SET      19.711       99.414
SET      19.839       99.453
SET      20.095       99.492
SET      20.223       99.531
SET      20.351       99.570
SET      20.607       99.609
SET      20.735       99.629
SET      20.735       99.648
SET      20.863       99.668
SET      20.991       99.688
SET      21.119       99.707
SET      21.247       99.727
SET      21.375       99.746
SET      21.503       99.766
SET      21.631       99.785
SET      21.887       99.805
SET      21.887       99.814
SET      22.015       99.824
SET      22.143       99.834
SET      22.271       99.844
SET      22.399       99.854
SET      22.527       99.863
SET      22.655       99.873
SET      22.783       99.883
SET      23.039       99.893
SET      23.167       99.902
SET      23.423       99.907
SET      23.551       99.912
SET      23.807       99.917
SET      23.935       99.922
SET      24.191       99.927
SET      24.575       99.932
SET      25.087       99.937
SET      25.855       99.941
SET      26.751       99.946
SET      28.031       99.951
SET      28.415       99.954
SET      28.799       99.956
SET      29.183       99.958
SET      30.079       99.961
SET      31.231       99.963
SET      32.511       99.966
SET      33.279       99.968
SET      33.791       99.971
SET      34.303       99.973
SET      34.559       99.976
SET      34.815       99.977
SET      34.815       99.978
SET      35.071       99.979
SET      35.071       99.980
SET      35.327       99.982
SET      35.583       99.983
SET      35.839       99.984
SET      36.095       99.985
SET      36.607       99.987
SET      37.119       99.988
SET      37.631       99.988
SET      38.399       99.989
SET      39.423       99.990
SET      40.703       99.990
SET      41.727       99.991
SET      42.239       99.991
SET      42.751       99.992
SET      43.007       99.993
SET      43.007       99.993
SET      43.519       99.994
SET      43.519       99.994
SET      43.775       99.995
SET      44.031       99.995
SET      44.287       99.995
SET      44.543       99.995
SET      44.799       99.996
SET      44.799       99.996
SET      45.567       99.996
SET      46.847       99.997
SET      47.871       99.997
SET      48.127       99.997
SET      49.151       99.997
SET      49.407       99.997
SET      50.431       99.998
SET      50.687       99.998
SET      51.967       99.998
SET      52.223       99.998
SET      52.479       99.998
SET      52.991       99.998
SET      53.247       99.998
SET      53.503       99.999
SET      54.015       99.999
SET      54.271       99.999
SET      54.527       99.999
SET      54.527       99.999
SET      54.783       99.999
SET      55.551       99.999
SET      55.551       99.999
SET      56.575       99.999
SET      59.391       99.999
SET      59.391       99.999
SET      59.391       99.999
SET      59.903       99.999
SET      59.903       99.999
SET      60.159       99.999
SET      60.159       99.999
SET      61.439      100.000
SET      61.439      100.000
SET      62.207      100.000
SET      62.463      100.000
SET      62.463      100.000
SET      62.463      100.000
SET      62.719      100.000
SET      62.719      100.000
SET      62.719      100.000
SET      62.719      100.000
SET      62.719      100.000
SET      62.719      100.000
SET      62.719      100.000
SET      64.767      100.000
SET      64.767      100.000
SET      64.767      100.000
SET      64.767      100.000
SET      64.767      100.000
SET      64.767      100.000
SET      64.767      100.000
SET      66.047      100.000
SET      66.047      100.000
---
GET       0.335        0.000
GET       2.303        5.000
GET       2.767       10.000
GET       3.183       15.000
GET       3.679       20.000
GET       4.159       25.000
GET       4.671       30.000
GET       5.151       35.000
GET       5.535       40.000
GET       6.143       45.000
GET       6.687       50.000
GET       6.943       52.500
GET       7.199       55.000
GET       7.487       57.500
GET       7.743       60.000
GET       7.935       62.500
GET       8.031       65.000
GET       8.127       67.500
GET       8.319       70.000
GET       8.575       72.500
GET       8.895       75.000
GET       9.087       76.250
GET       9.279       77.500
GET       9.471       78.750
GET       9.727       80.000
GET       9.983       81.250
GET      10.239       82.500
GET      10.495       83.750
GET      10.815       85.000
GET      11.071       86.250
GET      11.455       87.500
GET      11.647       88.125
GET      11.839       88.750
GET      12.031       89.375
GET      12.223       90.000
GET      12.479       90.625
GET      12.735       91.250
GET      12.927       91.875
GET      13.247       92.500
GET      13.567       93.125
GET      13.887       93.750
GET      14.079       94.062
GET      14.207       94.375
GET      14.335       94.688
GET      14.527       95.000
GET      14.655       95.312
GET      14.783       95.625
GET      14.975       95.938
GET      15.103       96.250
GET      15.295       96.562
GET      15.487       96.875
GET      15.551       97.031
GET      15.615       97.188
GET      15.743       97.344
GET      15.871       97.500
GET      15.935       97.656
GET      16.063       97.812
GET      16.127       97.969
GET      16.255       98.125
GET      16.511       98.281
GET      16.639       98.438
GET      16.767       98.516
GET      16.895       98.594
GET      17.023       98.672
GET      17.279       98.750
GET      17.407       98.828
GET      17.663       98.906
GET      17.919       98.984
GET      18.175       99.062
GET      18.431       99.141
GET      18.687       99.219
GET      18.943       99.258
GET      19.071       99.297
GET      19.199       99.336
GET      19.455       99.375
GET      19.583       99.414
GET      19.839       99.453
GET      19.967       99.492
GET      20.223       99.531
GET      20.351       99.570
GET      20.479       99.609
GET      20.607       99.629
GET      20.735       99.648
GET      20.863       99.668
GET      20.863       99.688
GET      20.991       99.707
GET      21.119       99.727
GET      21.247       99.746
GET      21.375       99.766
GET      21.503       99.785
GET      21.631       99.805
GET      21.759       99.814
GET      21.887       99.824
GET      22.015       99.834
GET      22.143       99.844
GET      22.271       99.854
GET      22.399       99.863
GET      22.527       99.873
GET      22.655       99.883
GET      22.783       99.893
GET      23.039       99.902
GET      23.167       99.907
GET      23.295       99.912
GET      23.423       99.917
GET      23.551       99.922
GET      23.807       99.927
GET      24.063       99.932
GET      24.319       99.937
GET      24.703       99.941
GET      25.343       99.946
GET      26.367       99.951
GET      27.135       99.954
GET      28.031       99.956
GET      28.543       99.958
GET      29.055       99.961
GET      29.823       99.963
GET      31.615       99.966
GET      33.023       99.968
GET      33.535       99.971
GET      34.047       99.973
GET      34.303       99.976
GET      34.559       99.977
GET      34.815       99.978
GET      34.815       99.979
GET      35.071       99.980
GET      35.071       99.982
GET      35.327       99.983
GET      35.583       99.984
GET      35.839       99.985
GET      36.351       99.987
GET      36.863       99.988
GET      37.119       99.988
GET      37.631       99.989
GET      38.143       99.990
GET      38.911       99.990
GET      40.191       99.991
GET      41.727       99.991
GET      42.495       99.992
GET      42.751       99.993
GET      43.263       99.993
GET      43.519       99.994
GET      43.519       99.994
GET      43.775       99.995
GET      43.775       99.995
GET      44.031       99.995
GET      44.031       99.995
GET      44.287       99.996
GET      44.543       99.996
GET      44.799       99.996
GET      45.311       99.997
GET      46.591       99.997
GET      47.359       99.997
GET      47.871       99.997
GET      48.383       99.997
GET      49.663       99.998
GET      50.687       99.998
GET      51.199       99.998
GET      51.967       99.998
GET      52.479       99.998
GET      52.991       99.998
GET      53.503       99.998
GET      54.015       99.999
GET      54.015       99.999
GET      54.271       99.999
GET      54.783       99.999
GET      55.551       99.999
GET      55.807       99.999
GET      56.319       99.999
GET      56.575       99.999
GET      57.855       99.999
GET      58.367       99.999
GET      59.135       99.999
GET      59.391       99.999
GET      59.391       99.999
GET      59.647       99.999
GET      59.903       99.999
GET      60.159       99.999
GET      60.159      100.000
GET      60.671      100.000
GET      61.439      100.000
GET      61.951      100.000
GET      61.951      100.000
GET      62.719      100.000
GET      62.975      100.000
GET      63.231      100.000
GET      63.231      100.000
GET      63.487      100.000
GET      64.255      100.000
GET      64.255      100.000
GET      64.255      100.000
GET      64.511      100.000
GET      64.511      100.000
GET      64.767      100.000
GET      64.767      100.000
GET      64.767      100.000
GET      64.767      100.000
GET      65.023      100.000
GET      65.023      100.000
GET      65.279      100.000
GET      65.279      100.000
GET      65.279      100.000
GET      65.279      100.000
GET      65.279      100.000
GET      65.535      100.000
GET      65.535      100.000
GET      65.535      100.000
GET      66.047      100.000
GET      66.047      100.000
GET      66.047      100.000
GET      66.047      100.000
GET      66.047      100.000
GET      66.559      100.000
GET      66.559      100.000
GET      66.559      100.000
GET      66.559      100.000
GET      66.559      100.000
GET      66.559      100.000
GET      67.071      100.000
GET      67.071      100.000
GET      67.071      100.000
GET      78.847      100.000
GET      78.847      100.000
GET      78.847      100.000
GET      78.847      100.000
GET      79.359      100.000
GET      79.359      100.000
GET      79.359      100.000
GET      79.359      100.000
GET      79.359      100.000
GET      79.359      100.000
GET      79.871      100.000
GET      79.871      100.000
GET      79.871      100.000
GET      79.871      100.000
GET      79.871      100.000
GET      79.871      100.000
GET      79.871      100.000
GET      79.871      100.000
GET      79.871      100.000
GET      79.871      100.000
GET      89.087      100.000
GET      89.087      100.000
---
WAIT      0.000      100.000
