4         Threads
50        Connections per thread
600       Seconds


ALL STATS
============================================================================================================================================
Type         Ops/sec     Hits/sec   Misses/sec    Avg. Latency     p50 Latency     p99 Latency   p99.5 Latency   p99.9 Latency       KB/sec 
--------------------------------------------------------------------------------------------------------------------------------------------
Sets         4908.21          ---          ---         3.73999         2.73500        12.60700        12.86300        14.01500       334.98 
Gets        49080.33        42.86     49037.48         3.69931         2.71900        12.47900        12.73500        13.63100      1243.40 
Waits           0.00          ---          ---             ---             ---             ---             ---             ---          --- 
Totals      53988.54        42.86     49037.48         3.70301         2.71900        12.47900        12.73500        13.69500      1578.38 


Request Latency Distribution
Type     <= msec         Percent
------------------------------------------------------------------------
SET       0.207        0.000
SET       2.527        5.000
SET       2.559       10.000
SET       2.591       15.000
SET       2.607       20.000
SET       2.623       25.000
SET       2.655       30.000
SET       2.671       35.000
SET       2.703       40.000
SET       2.719       45.000
SET       2.735       50.000
SET       2.751       52.500
SET       2.767       55.000
SET       2.783       57.500
SET       2.783       60.000
SET       2.799       62.500
SET       2.815       65.000
SET       2.815       67.500
SET       2.831       70.000
SET       2.847       72.500
SET       2.863       75.000
SET       2.863       76.250
SET       2.879       77.500
SET       2.895       78.750
SET       2.895       80.000
SET       2.911       81.250
SET       2.927       82.500
SET       2.943       83.750
SET       2.975       85.000
SET       3.071       86.250
SET       5.215       87.500
SET       5.407       88.125
SET       5.599       88.750
SET       6.047       89.375
SET      10.943       90.000
SET      11.199       90.625
SET      11.327       91.250
SET      11.455       91.875
SET      11.519       92.500
SET      11.647       93.125
SET      11.711       93.750
SET      11.775       94.062
SET      11.775       94.375
SET      11.839       94.688
SET      11.903       95.000
SET      11.903       95.312
SET      11.967       95.625
SET      11.967       95.938
SET      12.031       96.250
SET      12.095       96.562
SET      12.159       96.875
SET      12.159       97.031
SET      12.159       97.188
SET      12.223       97.344
SET      12.223       97.500
SET      12.287       97.656
SET      12.287       97.812
SET      12.287       97.969
SET      12.351       98.125
SET      12.415       98.281
SET      12.415       98.438
SET      12.415       98.516
SET      12.479       98.594
SET      12.479       98.672
SET      12.479       98.750
SET      12.543       98.828
SET      12.543       98.906
SET      12.607       98.984
SET      12.607       99.062
SET      12.671       99.141
SET      12.671       99.219
SET      12.671       99.258
SET      12.735       99.297
SET      12.735       99.336
SET      12.735       99.375
SET      12.799       99.414
SET      12.799       99.453
SET      12.863       99.492
SET      12.863       99.531
SET      12.927       99.570
SET      12.927       99.609
SET      12.991       99.629
SET      12.991       99.648
SET      12.991       99.668
SET      13.055       99.688
SET      13.055       99.707
SET      13.119       99.727
SET      13.119       99.746
SET      13.183       99.766
SET      13.183       99.785
SET      13.247       99.805
SET      13.311       99.814
SET      13.311       99.824
SET      13.375       99.834
SET      13.375       99.844
SET      13.439       99.854
SET      13.503       99.863
SET      13.567       99.873
SET      13.695       99.883
SET      13.823       99.893
SET      14.143       99.902
SET      14.271       99.907
SET      14.527       99.912
SET      14.911       99.917
SET      15.359       99.922
SET      15.871       99.927
SET      16.639       99.932
SET      17.535       99.937
SET      18.431       99.941
SET      19.071       99.946
SET      19.839       99.951
SET      20.223       99.954
SET      20.607       99.956
SET      20.991       99.958
SET      21.503       99.961
SET      21.887       99.963
SET      22.143       99.966
SET      22.399       99.968
SET      22.527       99.971
SET      22.783       99.973
SET      22.911       99.976
SET      22.911       99.977
SET      23.039       99.978
SET      23.167       99.979
SET      23.167       99.980
SET      23.295       99.982
SET      23.295       99.983
SET      23.423       99.984
SET      23.423       99.985
SET      23.551       99.987
SET      23.679       99.988
SET      23.679       99.988
SET      23.679       99.989
SET      23.807       99.990
SET      23.807       99.990
SET      23.935       99.991
SET      23.935       99.991
SET      24.063       99.992
SET      24.063       99.993
SET      24.191       99.993
SET      24.319       99.994
SET      24.319       99.994
SET      24.319       99.995
SET      24.447       99.995
SET      24.447       99.995
SET      24.575       99.995
SET      24.575       99.996
SET      24.575       99.996
SET      24.703       99.996
SET      24.703       99.997
SET      24.831       99.997
SET      24.831       99.997
SET      24.959       99.997
SET      25.087       99.997
SET      25.087       99.998
SET      25.215       99.998
SET      25.471       99.998
SET      25.599       99.998
SET      25.983       99.998
SET      26.367       99.998
SET      26.623       99.998
SET      27.007       99.999
SET      27.135       99.999
SET      27.135       99.999
SET      28.031       99.999
SET      28.415       99.999
SET      29.055       99.999
SET      29.695       99.999
SET      31.359       99.999
SET      31.743       99.999
SET      37.375       99.999
SET      44.799       99.999
SET      45.055       99.999
SET      45.311       99.999
SET      45.823       99.999
SET      46.079       99.999
SET      46.335       99.999
SET      46.591      100.000
SET      46.847      100.000
SET      47.359      100.000
SET      47.615      100.000
SET      47.871      100.000
SET      47.871      100.000
SET      48.127      100.000
SET      48.383      100.000
SET      48.383      100.000
SET      48.639      100.000
SET      48.639      100.000
SET      48.639      100.000
SET      48.639      100.000
SET      48.895      100.000
SET      48.895      100.000
SET      48.895      100.000
SET      49.151      100.000
SET      49.151      100.000
SET      49.151      100.000
SET      49.151      100.000
SET      49.151      100.000
SET      49.151      100.000
SET      49.151      100.000
SET      49.663      100.000
SET      49.663      100.000
SET      49.663      100.000
SET      49.663      100.000
SET      49.663      100.000
SET      49.663      100.000
SET      49.919      100.000
SET      49.919      100.000
SET      49.919      100.000
SET      49.919      100.000
SET      49.919      100.000
SET      49.919      100.000
SET      49.919      100.000
SET      49.919      100.000
SET      49.919      100.000
SET      49.919      100.000
SET      50.175      100.000
SET      50.175      100.000
---
GET       0.127        0.000
GET       2.495        5.000
GET       2.527       10.000
GET       2.559       15.000
GET       2.575       20.000
GET       2.607       25.000
GET       2.623       30.000
GET       2.639       35.000
GET       2.671       40.000
GET       2.687       45.000
GET       2.719       50.000
GET       2.719       52.500
GET       2.735       55.000
GET       2.751       57.500
GET       2.751       60.000
GET       2.767       62.500
GET       2.783       65.000
GET       2.783       67.500
GET       2.799       70.000
GET       2.815       72.500
GET       2.831       75.000
GET       2.831       76.250
GET       2.847       77.500
GET       2.863       78.750
GET       2.863       80.000
GET       2.879       81.250
GET       2.895       82.500
GET       2.911       83.750
GET       2.943       85.000
GET       3.007       86.250
GET       5.151       87.500
GET       5.343       88.125
GET       5.567       88.750
GET       5.951       89.375
GET      10.815       90.000
GET      11.071       90.625
GET      11.263       91.250
GET      11.327       91.875
GET      11.455       92.500
GET      11.519       93.125
GET      11.647       93.750
GET      11.647       94.062
GET      11.711       94.375
GET      11.711       94.688
GET      11.775       95.000
GET      11.839       95.312
GET      11.839       95.625
GET      11.903       95.938
GET      11.967       96.250
GET      11.967       96.562
GET      12.031       96.875
GET      12.031       97.031
GET      12.095       97.188
GET      12.095       97.344
GET      12.095       97.500
GET      12.159       97.656
GET      12.159       97.812
GET      12.223       97.969
GET      12.223       98.125
GET      12.287       98.281
GET      12.287       98.438
GET      12.351       98.516
GET      12.351       98.594
GET      12.351       98.672
GET      12.415       98.750
GET      12.415       98.828
GET      12.479       98.906
GET      12.479       98.984
GET      12.479       99.062
GET      12.543       99.141
GET      12.543       99.219
GET      12.607       99.258
GET      12.607       99.297
GET      12.607       99.336
GET      12.671       99.375
GET      12.671       99.414
GET      12.671       99.453
GET      12.735       99.492
GET      12.735       99.531
GET      12.799       99.570
GET      12.799       99.609
GET      12.863       99.629
GET      12.863       99.648
GET      12.863       99.668
GET      12.927       99.688
GET      12.927       99.707
GET      12.991       99.727
GET      12.991       99.746
GET      13.055       99.766
GET      13.055       99.785
GET      13.119       99.805
GET      13.119       99.814
GET      13.183       99.824
GET      13.183       99.834
GET      13.247       99.844
GET      13.247       99.854
GET      13.311       99.863
GET      13.375       99.873
GET      13.439       99.883
GET      13.567       99.893
GET      13.695       99.902
GET      13.759       99.907
GET      13.951       99.912
GET      14.143       99.917
GET      14.399       99.922
GET      14.847       99.927
GET      15.487       99.932
GET      16.255       99.937
GET      17.407       99.941
GET      18.431       99.946
GET      19.199       99.951
GET      19.455       99.954
GET      19.839       99.956
GET      20.223       99.958
GET      20.735       99.961
GET      21.247       99.963
GET      21.631       99.966
GET      22.015       99.968
GET      22.271       99.971
GET      22.527       99.973
GET      22.655       99.976
GET      22.783       99.977
GET      22.911       99.978
GET      22.911       99.979
GET      23.039       99.980
GET      23.039       99.982
GET      23.167       99.983
GET      23.295       99.984
GET      23.295       99.985
GET      23.423       99.987
GET      23.423       99.988
GET      23.551       99.988
GET      23.551       99.989
GET      23.551       99.990
GET      23.679       99.990
GET      23.679       99.991
GET      23.679       99.991
GET      23.807       99.992
GET      23.807       99.993
GET      23.935       99.993
GET      23.935       99.994
GET      24.063       99.994
GET      24.063       99.995
GET      24.063       99.995
GET      24.063       99.995
GET      24.191       99.995
GET      24.191       99.996
GET      24.319       99.996
GET      24.319       99.996
GET      24.447       99.997
GET      24.447       99.997
GET      24.575       99.997
GET      24.575       99.997
GET      24.575       99.997
GET      24.703       99.998
GET      24.703       99.998
GET      24.703       99.998
GET      24.831       99.998
GET      24.831       99.998
GET      24.959       99.998
GET      24.959       99.998
GET      25.087       99.999
GET      25.087       99.999
GET      25.087       99.999
GET      25.215       99.999
GET      25.215       99.999
GET      25.343       99.999
GET      25.343       99.999
GET      25.471       99.999
GET      25.599       99.999
GET      25.599       99.999
GET      25.727       99.999
GET      25.727       99.999
GET      25.727       99.999
GET      25.855       99.999
GET      25.855       99.999
GET      25.983       99.999
GET      25.983      100.000
GET      26.111      100.000
GET      26.239      100.000
GET      26.239      100.000
GET      26.367      100.000
GET      26.367      100.000
GET      26.367      100.000
GET      26.495      100.000
GET      26.495      100.000
GET      26.623      100.000
GET      26.623      100.000
GET      26.751      100.000
GET      26.879      100.000
GET      27.007      100.000
GET      27.007      100.000
GET      27.263      100.000
GET      27.519      100.000
GET      27.775      100.000
GET      27.903      100.000
GET      28.159      100.000
GET      28.543      100.000
GET      29.311      100.000
GET      29.951      100.000
GET      30.207      100.000
GET      30.975      100.000
GET      31.103      100.000
GET      31.359      100.000
GET      31.999      100.000
GET      34.815      100.000
GET      35.071      100.000
GET      35.327      100.000
GET      35.583      100.000
GET      35.839      100.000
GET      36.095      100.000
GET      36.095      100.000
GET      36.351      100.000
GET      36.607      100.000
GET      36.607      100.000
GET      37.631      100.000
GET      37.887      100.000
GET      37.887      100.000
GET      37.887      100.000
GET      38.143      100.000
GET      38.143      100.000
GET      38.143      100.000
GET      38.143      100.000
GET      38.655      100.000
GET      38.655      100.000
GET      38.655      100.000
GET      39.167      100.000
GET      39.167      100.000
GET      39.167      100.000
GET      39.167      100.000
GET      39.167      100.000
GET      39.167      100.000
GET      39.167      100.000
GET      39.423      100.000
GET      39.423      100.000
GET      39.423      100.000
GET      39.423      100.000
GET      39.423      100.000
GET      39.423      100.000
GET      39.423      100.000
GET      39.423      100.000
GET      39.423      100.000
GET      39.423      100.000
GET      39.423      100.000
GET      39.423      100.000
GET      39.423      100.000
GET      39.423      100.000
GET      39.423      100.000
GET      39.423      100.000
GET      39.679      100.000
GET      39.679      100.000
---
WAIT      0.000      100.000
