4         Threads
50        Connections per thread
600       Seconds


ALL STATS
============================================================================================================================================
Type         Ops/sec     Hits/sec   Misses/sec    Avg. Latency     p50 Latency     p99 Latency   p99.5 Latency   p99.9 Latency       KB/sec 
--------------------------------------------------------------------------------------------------------------------------------------------
Sets         9532.73          ---          ---         1.90648         1.16700         5.34300        82.94300        97.27900       650.60 
Gets        95325.62       149.25     95176.38         1.90596         1.16700         5.34300        82.94300        97.27900      2419.01 
Waits           0.00          ---          ---             ---             ---             ---             ---             ---          --- 
Totals     104858.36       149.25     95176.38         1.90601         1.16700         5.34300        82.94300        97.27900      3069.61 


Request Latency Distribution
Type     <= msec         Percent
------------------------------------------------------------------------
SET       0.159        0.000
SET       1.095        5.000
SET       1.119       10.000
SET       1.127       15.000
SET       1.135       20.000
SET       1.143       25.000
SET       1.151       30.000
SET       1.151       35.000
SET       1.159       40.000
SET       1.159       45.000
SET       1.167       50.000
SET       1.167       52.500
SET       1.167       55.000
SET       1.175       57.500
SET       1.175       60.000
SET       1.175       62.500
SET       1.183       65.000
SET       1.183       67.500
SET       1.183       70.000
SET       1.191       72.500
SET       1.191       75.000
SET       1.199       76.250
SET       1.199       77.500
SET       1.199       78.750
SET       1.207       80.000
SET       1.207       81.250
SET       1.215       82.500
SET       1.223       83.750
SET       1.247       85.000
SET       1.303       86.250
SET       2.159       87.500
SET       2.223       88.125
SET       2.255       88.750
SET       2.271       89.375
SET       2.287       90.000
SET       2.287       90.625
SET       2.303       91.250
SET       2.319       91.875
SET       2.319       92.500
SET       2.335       93.125
SET       2.335       93.750
SET       2.335       94.062
SET       2.351       94.375
SET       2.351       94.688
SET       2.351       95.000
SET       2.367       95.312
SET       2.367       95.625
SET       2.383       95.938
SET       2.399       96.250
SET       2.463       96.562
SET       4.047       96.875
SET       4.127       97.031
SET       4.159       97.188
SET       4.159       97.344
SET       4.159       97.500
SET       4.159       97.656
SET       4.191       97.812
SET       4.191       97.969
SET       4.191       98.125
SET       4.223       98.281
SET       4.223       98.438
SET       4.255       98.516
SET       4.351       98.594
SET       5.119       98.672
SET       5.215       98.750
SET       5.279       98.828
SET       5.311       98.906
SET       5.343       98.984
SET       5.375       99.062
SET       5.407       99.141
SET       6.207       99.219
SET       7.135       99.258
SET       9.407       99.297
SET      16.511       99.336
SET      36.863       99.375
SET      60.671       99.414
SET      77.311       99.453
SET      82.431       99.492
SET      84.991       99.531
SET      86.527       99.570
SET      88.063       99.609
SET      88.575       99.629
SET      89.087       99.648
SET      90.111       99.668
SET      90.623       99.688
SET      91.135       99.707
SET      91.647       99.727
SET      92.159       99.746
SET      92.671       99.766
SET      93.183       99.785
SET      93.695       99.805
SET      94.207       99.814
SET      94.207       99.824
SET      94.719       99.834
SET      95.231       99.844
SET      95.231       99.854
SET      95.743       99.863
SET      96.255       99.873
SET      96.255       99.883
SET      96.767       99.893
SET      97.279       99.902
SET      97.791       99.907
SET      97.791       99.912
SET      98.303       99.917
SET      98.303       99.922
SET      98.815       99.927
SET      99.327       99.932
SET      99.327       99.937
SET      99.839       99.941
SET     100.351       99.946
SET     100.863       99.951
SET     100.863       99.954
SET     101.375       99.956
SET     101.375       99.958
SET     101.887       99.961
SET     101.887       99.963
SET     102.399       99.966
SET     102.911       99.968
SET     103.423       99.971
SET     103.935       99.973
SET     104.447       99.976
SET     104.447       99.977
SET     104.959       99.978
SET     105.471       99.979
SET     105.471       99.980
SET     105.983       99.982
SET     106.495       99.983
SET     107.007       99.984
SET     107.519       99.985
SET     108.031       99.987
SET     109.055       99.988
SET     109.567       99.988
SET     110.079       99.989
SET     111.103       99.990
SET     111.615       99.990
SET     112.639       99.991
SET     113.663       99.991
SET     115.199       99.992
SET     117.247       99.993
SET     119.807       99.993
SET     121.855       99.994
SET     122.367       99.994
SET     122.879       99.995
SET     124.415       99.995
SET     126.463       99.995
SET     127.999       99.995
SET     129.535       99.996
SET     131.071       99.996
SET     133.119       99.996
SET     135.167       99.997
SET     137.215       99.997
SET     138.239       99.997
SET     140.287       99.997
SET     140.287       99.997
SET     141.311       99.998
SET     142.335       99.998
SET     143.359       99.998
SET     144.383       99.998
SET     145.407       99.998
SET     146.431       99.998
SET     148.479       99.998
SET     150.527       99.999
SET     151.551       99.999
SET     151.551       99.999
SET     152.575       99.999
SET     153.599       99.999
SET     153.599       99.999
SET     154.623       99.999
SET     155.647       99.999
SET     157.695       99.999
SET     158.719       99.999
SET     159.743       99.999
SET     160.767       99.999
SET     161.791       99.999
SET     163.839       99.999
SET     165.887       99.999
SET     166.911       99.999
SET     167.935      100.000
SET     167.935      100.000
SET     168.959      100.000
SET     171.007      100.000
SET     171.007      100.000
SET     171.007      100.000
SET     171.007      100.000
SET     172.031      100.000
SET     172.031      100.000
SET     173.055      100.000
SET     175.103      100.000
SET     175.103      100.000
SET     175.103      100.000
SET     176.127      100.000
SET     176.127      100.000
SET     176.127      100.000
SET     176.127      100.000
SET     178.175      100.000
SET     178.175      100.000
SET     178.175      100.000
SET     178.175      100.000
SET     178.175      100.000
SET     178.175      100.000
SET     180.223      100.000
SET     180.223      100.000
SET     183.295      100.000
SET     183.295      100.000
SET     183.295      100.000
SET     183.295      100.000
SET     184.319      100.000
SET     184.319      100.000
SET     184.319      100.000
SET     184.319      100.000
SET     196.607      100.000
SET     196.607      100.000
SET     196.607      100.000
SET     196.607      100.000
SET     196.607      100.000
SET     196.607      100.000
SET     206.847      100.000
SET     206.847      100.000
SET     206.847      100.000
SET     206.847      100.000
SET     206.847      100.000
SET     206.847      100.000
SET     206.847      100.000
SET     206.847      100.000
SET     206.847      100.000
SET     206.847      100.000
SET     215.039      100.000
SET     215.039      100.000
---
GET       0.127        0.000
GET       1.095        5.000
GET       1.119       10.000
GET       1.127       15.000
GET       1.135       20.000
GET       1.143       25.000
GET       1.143       30.000
GET       1.151       35.000
GET       1.159       40.000
GET       1.159       45.000
GET       1.167       50.000
GET       1.167       52.500
GET       1.167       55.000
GET       1.167       57.500
GET       1.175       60.000
GET       1.175       62.500
GET       1.175       65.000
GET       1.183       67.500
GET       1.183       70.000
GET       1.191       72.500
GET       1.191       75.000
GET       1.191       76.250
GET       1.199       77.500
GET       1.199       78.750
GET       1.207       80.000
GET       1.207       81.250
GET       1.215       82.500
GET       1.223       83.750
GET       1.239       85.000
GET       1.287       86.250
GET       2.127       87.500
GET       2.223       88.125
GET       2.255       88.750
GET       2.271       89.375
GET       2.287       90.000
GET       2.287       90.625
GET       2.303       91.250
GET       2.303       91.875
GET       2.319       92.500
GET       2.335       93.125
GET       2.335       93.750
GET       2.335       94.062
GET       2.351       94.375
GET       2.351       94.688
GET       2.351       95.000
GET       2.367       95.312
GET       2.367       95.625
GET       2.383       95.938
GET       2.399       96.250
GET       2.463       96.562
GET       4.031       96.875
GET       4.127       97.031
GET       4.127       97.188
GET       4.159       97.344
GET       4.159       97.500
GET       4.159       97.656
GET       4.191       97.812
GET       4.191       97.969
GET       4.191       98.125
GET       4.223       98.281
GET       4.223       98.438
GET       4.255       98.516
GET       4.351       98.594
GET       5.119       98.672
GET       5.215       98.750
GET       5.279       98.828
GET       5.311       98.906
GET       5.343       98.984
GET       5.375       99.062
GET       5.407       99.141
GET       6.207       99.219
GET       7.167       99.258
GET       9.471       99.297
GET      17.023       99.336
GET      37.887       99.375
GET      62.463       99.414
GET      77.823       99.453
GET      82.431       99.492
GET      84.991       99.531
GET      86.527       99.570
GET      88.063       99.609
GET      88.575       99.629
GET      89.599       99.648
GET      90.111       99.668
GET      90.623       99.688
GET      91.135       99.707
GET      91.647       99.727
GET      92.159       99.746
GET      92.671       99.766
GET      93.183       99.785
GET      93.695       99.805
GET      94.207       99.814
GET      94.207       99.824
GET      94.719       99.834
GET      95.231       99.844
GET      95.231       99.854
GET      95.743       99.863
GET      96.255       99.873
GET      96.255       99.883
GET      96.767       99.893
GET      97.279       99.902
GET      97.791       99.907
GET      97.791       99.912
GET      98.303       99.917
GET      98.303       99.922
GET      98.815       99.927
GET      99.327       99.932
GET      99.327       99.937
GET      99.839       99.941
GET     100.351       99.946
GET     100.863       99.951
GET     100.863       99.954
GET     101.375       99.956
GET     101.375       99.958
GET     101.887       99.961
GET     102.399       99.963
GET     102.399       99.966
GET     102.911       99.968
GET     103.423       99.971
GET     103.935       99.973
GET     104.447       99.976
GET     104.959       99.977
GET     104.959       99.978
GET     105.471       99.979
GET     105.983       99.980
GET     105.983       99.982
GET     106.495       99.983
GET     107.007       99.984
GET     108.031       99.985
GET     108.543       99.987
GET     109.567       99.988
GET     110.079       99.988
GET     110.591       99.989
GET     111.615       99.990
GET     112.127       99.990
GET     113.663       99.991
GET     115.199       99.991
GET     116.735       99.992
GET     118.271       99.993
GET     120.319       99.993
GET     122.367       99.994
GET     123.391       99.994
GET     124.415       99.995
GET     125.951       99.995
GET     127.487       99.995
GET     129.023       99.995
GET     131.071       99.996
GET     133.119       99.996
GET     134.143       99.996
GET     136.191       99.997
GET     139.263       99.997
GET     140.287       99.997
GET     141.311       99.997
GET     142.335       99.997
GET     142.335       99.998
GET     144.383       99.998
GET     145.407       99.998
GET     147.455       99.998
GET     148.479       99.998
GET     150.527       99.998
GET     152.575       99.998
GET     152.575       99.999
GET     153.599       99.999
GET     154.623       99.999
GET     155.647       99.999
GET     156.671       99.999
GET     157.695       99.999
GET     158.719       99.999
GET     159.743       99.999
GET     160.767       99.999
GET     162.815       99.999
GET     163.839       99.999
GET     164.863       99.999
GET     165.887       99.999
GET     166.911       99.999
GET     167.935       99.999
GET     167.935       99.999
GET     168.959      100.000
GET     169.983      100.000
GET     169.983      100.000
GET     171.007      100.000
GET     172.031      100.000
GET     172.031      100.000
GET     172.031      100.000
GET     173.055      100.000
GET     173.055      100.000
GET     174.079      100.000
GET     174.079      100.000
GET     175.103      100.000
GET     176.127      100.000
GET     177.151      100.000
GET     178.175      100.000
GET     178.175      100.000
GET     179.199      100.000
GET     180.223      100.000
GET     181.247      100.000
GET     181.247      100.000
GET     182.271      100.000
GET     183.295      100.000
GET     183.295      100.000
GET     184.319      100.000
GET     185.343      100.000
GET     186.367      100.000
GET     186.367      100.000
GET     186.367      100.000
GET     187.391      100.000
GET     187.391      100.000
GET     188.415      100.000
GET     188.415      100.000
GET     189.439      100.000
GET     191.487      100.000
GET     191.487      100.000
GET     192.511      100.000
GET     193.535      100.000
GET     196.607      100.000
GET     196.607      100.000
GET     197.631      100.000
GET     199.679      100.000
GET     200.703      100.000
GET     200.703      100.000
GET     201.727      100.000
GET     202.751      100.000
GET     202.751      100.000
GET     203.775      100.000
GET     204.799      100.000
GET     204.799      100.000
GET     205.823      100.000
GET     209.919      100.000
GET     209.919      100.000
GET     209.919      100.000
GET     211.967      100.000
GET     211.967      100.000
GET     211.967      100.000
GET     212.991      100.000
GET     212.991      100.000
GET     212.991      100.000
GET     238.591      100.000
GET     238.591      100.000
GET     238.591      100.000
GET     258.047      100.000
GET     258.047      100.000
GET     258.047      100.000
GET     258.047      100.000
GET     260.095      100.000
GET     260.095      100.000
GET     260.095      100.000
GET     260.095      100.000
GET     260.095      100.000
GET     260.095      100.000
GET     262.143      100.000
GET     262.143      100.000
GET     262.143      100.000
GET     262.143      100.000
GET     262.143      100.000
GET     262.143      100.000
GET     262.143      100.000
GET     262.143      100.000
GET     262.143      100.000
GET     262.143      100.000
GET     264.191      100.000
GET     264.191      100.000
---
WAIT      0.000      100.000
