4         Threads
50        Connections per thread
320000    Requests per client


ALL STATS
============================================================================================================================
Type         Ops/sec     Hits/sec   Misses/sec    Avg. Latency     p50 Latency     p99 Latency   p99.9 Latency       KB/sec 
----------------------------------------------------------------------------------------------------------------------------
Sets        10714.50          ---          ---         1.71268         1.03900         5.53500        77.82300       731.25 
Gets       107144.66       165.94    106978.72         1.71136         1.03900         5.56700        77.82300      2718.83 
Waits           0.00          ---          ---             ---             ---             ---             ---          --- 
Totals     117859.17       165.94    106978.72         1.71148         1.03900         5.56700        77.82300      3450.08 


Request Latency Distribution
Type     <= msec         Percent
------------------------------------------------------------------------
SET       0.079        0.000
SET       0.943        5.000
SET       0.983       10.000
SET       0.999       15.000
SET       1.007       20.000
SET       1.015       25.000
SET       1.023       30.000
SET       1.031       35.000
SET       1.031       40.000
SET       1.039       45.000
SET       1.039       50.000
SET       1.047       52.500
SET       1.047       55.000
SET       1.047       57.500
SET       1.055       60.000
SET       1.055       62.500
SET       1.055       65.000
SET       1.063       67.500
SET       1.063       70.000
SET       1.071       72.500
SET       1.071       75.000
SET       1.079       76.250
SET       1.079       77.500
SET       1.087       78.750
SET       1.087       80.000
SET       1.095       81.250
SET       1.103       82.500
SET       1.127       83.750
SET       1.159       85.000
SET       1.231       86.250
SET       1.535       87.500
SET       1.839       88.125
SET       1.935       88.750
SET       1.975       89.375
SET       1.999       90.000
SET       2.015       90.625
SET       2.023       91.250
SET       2.039       91.875
SET       2.047       92.500
SET       2.063       93.125
SET       2.063       93.750
SET       2.079       94.062
SET       2.079       94.375
SET       2.079       94.688
SET       2.079       95.000
SET       2.095       95.312
SET       2.095       95.625
SET       2.095       95.938
SET       2.111       96.250
SET       2.111       96.562
SET       2.127       96.875
SET       2.127       97.031
SET       2.127       97.188
SET       2.127       97.344
SET       2.143       97.500
SET       2.143       97.656
SET       2.159       97.812
SET       2.159       97.969
SET       2.175       98.125
SET       2.191       98.281
SET       2.239       98.438
SET       2.271       98.516
SET       2.319       98.594
SET       2.463       98.672
SET       2.799       98.750
SET       3.407       98.828
SET       4.383       98.906
SET       5.439       98.984
SET       6.303       99.062
SET      12.927       99.141
SET      35.839       99.219
SET      48.383       99.258
SET      57.343       99.297
SET      61.951       99.336
SET      64.255       99.375
SET      66.047       99.414
SET      67.071       99.453
SET      68.095       99.492
SET      69.119       99.531
SET      70.143       99.570
SET      70.655       99.609
SET      71.167       99.629
SET      71.679       99.648
SET      71.679       99.668
SET      72.191       99.688
SET      72.703       99.707
SET      73.215       99.727
SET      73.215       99.746
SET      73.727       99.766
SET      74.239       99.785
SET      74.751       99.805
SET      74.751       99.814
SET      75.263       99.824
SET      75.263       99.834
SET      75.775       99.844
SET      76.287       99.854
SET      76.287       99.863
SET      76.799       99.873
SET      77.311       99.883
SET      77.823       99.893
SET      78.335       99.902
SET      78.335       99.907
SET      78.847       99.912
SET      78.847       99.917
SET      79.359       99.922
SET      79.871       99.927
SET      79.871       99.932
SET      80.383       99.937
SET      81.407       99.941
SET      81.919       99.946
SET      82.431       99.951
SET      82.943       99.954
SET      82.943       99.956
SET      83.455       99.958
SET      83.967       99.961
SET      84.479       99.963
SET      84.991       99.966
SET      85.503       99.968
SET      86.015       99.971
SET      87.039       99.973
SET      87.551       99.976
SET      88.063       99.977
SET      88.575       99.978
SET      89.087       99.979
SET      89.599       99.980
SET      90.111       99.982
SET      90.623       99.983
SET      91.135       99.984
SET      92.159       99.985
SET      92.671       99.987
SET      94.207       99.988
SET      94.719       99.988
SET      95.231       99.989
SET      96.255       99.990
SET      97.279       99.990
SET      98.815       99.991
SET     100.351       99.991
SET     102.399       99.992
SET     104.959       99.993
SET     107.519       99.993
SET     112.127       99.994
SET     114.175       99.994
SET     115.711       99.995
SET     117.247       99.995
SET     118.783       99.995
SET     120.319       99.995
SET     121.855       99.996
SET     123.903       99.996
SET     124.927       99.996
SET     125.439       99.997
SET     126.975       99.997
SET     127.999       99.997
SET     129.023       99.997
SET     129.535       99.997
SET     130.559       99.998
SET     131.071       99.998
SET     132.095       99.998
SET     132.095       99.998
SET     133.119       99.998
SET     134.143       99.998
SET     136.191       99.998
SET     136.191       99.999
SET     137.215       99.999
SET     137.215       99.999
SET     138.239       99.999
SET     139.263       99.999
SET     139.263       99.999
SET     140.287       99.999
SET     141.311       99.999
SET     143.359       99.999
SET     143.359       99.999
SET     144.383       99.999
SET     144.383       99.999
SET     145.407       99.999
SET     145.407       99.999
SET     146.431       99.999
SET     146.431       99.999
SET     146.431      100.000
SET     147.455      100.000
SET     148.479      100.000
SET     148.479      100.000
SET     149.503      100.000
SET     149.503      100.000
SET     149.503      100.000
SET     151.551      100.000
SET     151.551      100.000
SET     151.551      100.000
SET     152.575      100.000
SET     152.575      100.000
SET     152.575      100.000
SET     154.623      100.000
SET     154.623      100.000
SET     154.623      100.000
SET     154.623      100.000
SET     157.695      100.000
SET     157.695      100.000
SET     157.695      100.000
SET     157.695      100.000
SET     158.719      100.000
SET     158.719      100.000
SET     159.743      100.000
SET     159.743      100.000
SET     160.767      100.000
SET     160.767      100.000
SET     160.767      100.000
SET     160.767      100.000
SET     160.767      100.000
SET     160.767      100.000
SET     160.767      100.000
SET     160.767      100.000
SET     161.791      100.000
SET     161.791      100.000
SET     161.791      100.000
SET     161.791      100.000
SET     161.791      100.000
SET     161.791      100.000
SET     168.959      100.000
SET     168.959      100.000
SET     168.959      100.000
SET     168.959      100.000
SET     168.959      100.000
SET     168.959      100.000
SET     168.959      100.000
SET     168.959      100.000
SET     168.959      100.000
SET     168.959      100.000
SET     171.007      100.000
SET     171.007      100.000
---
GET       0.071        0.000
GET       0.943        5.000
GET       0.983       10.000
GET       0.999       15.000
GET       1.007       20.000
GET       1.015       25.000
GET       1.023       30.000
GET       1.023       35.000
GET       1.031       40.000
GET       1.039       45.000
GET       1.039       50.000
GET       1.047       52.500
GET       1.047       55.000
GET       1.047       57.500
GET       1.055       60.000
GET       1.055       62.500
GET       1.055       65.000
GET       1.063       67.500
GET       1.063       70.000
GET       1.071       72.500
GET       1.071       75.000
GET       1.079       76.250
GET       1.079       77.500
GET       1.087       78.750
GET       1.087       80.000
GET       1.095       81.250
GET       1.103       82.500
GET       1.119       83.750
GET       1.151       85.000
GET       1.223       86.250
GET       1.487       87.500
GET       1.807       88.125
GET       1.927       88.750
GET       1.967       89.375
GET       1.991       90.000
GET       2.007       90.625
GET       2.023       91.250
GET       2.039       91.875
GET       2.047       92.500
GET       2.063       93.125
GET       2.063       93.750
GET       2.079       94.062
GET       2.079       94.375
GET       2.079       94.688
GET       2.079       95.000
GET       2.095       95.312
GET       2.095       95.625
GET       2.095       95.938
GET       2.111       96.250
GET       2.111       96.562
GET       2.111       96.875
GET       2.127       97.031
GET       2.127       97.188
GET       2.127       97.344
GET       2.143       97.500
GET       2.143       97.656
GET       2.143       97.812
GET       2.159       97.969
GET       2.175       98.125
GET       2.191       98.281
GET       2.223       98.438
GET       2.255       98.516
GET       2.319       98.594
GET       2.447       98.672
GET       2.767       98.750
GET       3.407       98.828
GET       4.415       98.906
GET       5.439       98.984
GET       6.431       99.062
GET      13.439       99.141
GET      35.839       99.219
GET      48.383       99.258
GET      57.343       99.297
GET      61.951       99.336
GET      64.255       99.375
GET      66.047       99.414
GET      67.071       99.453
GET      68.095       99.492
GET      69.119       99.531
GET      70.143       99.570
GET      70.655       99.609
GET      71.167       99.629
GET      71.679       99.648
GET      71.679       99.668
GET      72.191       99.688
GET      72.703       99.707
GET      73.215       99.727
GET      73.215       99.746
GET      73.727       99.766
GET      74.239       99.785
GET      74.751       99.805
GET      75.263       99.814
GET      75.263       99.824
GET      75.775       99.834
GET      75.775       99.844
GET      76.287       99.854
GET      76.287       99.863
GET      76.799       99.873
GET      77.311       99.883
GET      77.823       99.893
GET      78.335       99.902
GET      78.335       99.907
GET      78.847       99.912
GET      78.847       99.917
GET      79.359       99.922
GET      79.871       99.927
GET      80.383       99.932
GET      80.383       99.937
GET      80.895       99.941
GET      81.407       99.946
GET      82.431       99.951
GET      82.431       99.954
GET      82.943       99.956
GET      83.455       99.958
GET      83.967       99.961
GET      84.479       99.963
GET      84.991       99.966
GET      85.503       99.968
GET      86.015       99.971
GET      87.039       99.973
GET      87.551       99.976
GET      88.063       99.977
GET      88.575       99.978
GET      88.575       99.979
GET      89.087       99.980
GET      89.599       99.982
GET      90.623       99.983
GET      91.135       99.984
GET      91.647       99.985
GET      92.671       99.987
GET      93.695       99.988
GET      94.207       99.988
GET      95.231       99.989
GET      96.255       99.990
GET      96.767       99.990
GET      98.303       99.991
GET      99.839       99.991
GET     102.399       99.992
GET     104.447       99.993
GET     108.031       99.993
GET     111.615       99.994
GET     113.151       99.994
GET     115.199       99.995
GET     116.735       99.995
GET     118.271       99.995
GET     119.807       99.995
GET     121.343       99.996
GET     122.879       99.996
GET     123.903       99.996
GET     125.439       99.997
GET     126.975       99.997
GET     127.487       99.997
GET     127.999       99.997
GET     129.023       99.997
GET     130.047       99.998
GET     130.559       99.998
GET     132.095       99.998
GET     133.119       99.998
GET     133.119       99.998
GET     134.143       99.998
GET     135.167       99.998
GET     136.191       99.999
GET     136.191       99.999
GET     137.215       99.999
GET     137.215       99.999
GET     138.239       99.999
GET     139.263       99.999
GET     139.263       99.999
GET     140.287       99.999
GET     141.311       99.999
GET     142.335       99.999
GET     142.335       99.999
GET     143.359       99.999
GET     143.359       99.999
GET     144.383       99.999
GET     144.383       99.999
GET     145.407       99.999
GET     145.407      100.000
GET     146.431      100.000
GET     146.431      100.000
GET     147.455      100.000
GET     147.455      100.000
GET     147.455      100.000
GET     148.479      100.000
GET     148.479      100.000
GET     149.503      100.000
GET     149.503      100.000
GET     150.527      100.000
GET     150.527      100.000
GET     151.551      100.000
GET     152.575      100.000
GET     152.575      100.000
GET     153.599      100.000
GET     153.599      100.000
GET     154.623      100.000
GET     154.623      100.000
GET     154.623      100.000
GET     155.647      100.000
GET     156.671      100.000
GET     156.671      100.000
GET     157.695      100.000
GET     157.695      100.000
GET     158.719      100.000
GET     158.719      100.000
GET     158.719      100.000
GET     159.743      100.000
GET     159.743      100.000
GET     160.767      100.000
GET     161.791      100.000
GET     161.791      100.000
GET     163.839      100.000
GET     163.839      100.000
GET     163.839      100.000
GET     164.863      100.000
GET     164.863      100.000
GET     164.863      100.000
GET     165.887      100.000
GET     165.887      100.000
GET     166.911      100.000
GET     166.911      100.000
GET     166.911      100.000
GET     166.911      100.000
GET     167.935      100.000
GET     167.935      100.000
GET     167.935      100.000
GET     167.935      100.000
GET     168.959      100.000
GET     168.959      100.000
GET     168.959      100.000
GET     168.959      100.000
GET     169.983      100.000
GET     169.983      100.000
GET     169.983      100.000
GET     169.983      100.000
GET     169.983      100.000
GET     169.983      100.000
GET     169.983      100.000
GET     169.983      100.000
GET     169.983      100.000
GET     171.007      100.000
GET     171.007      100.000
GET     171.007      100.000
GET     171.007      100.000
GET     171.007      100.000
GET     171.007      100.000
GET     171.007      100.000
GET     171.007      100.000
GET     171.007      100.000
GET     171.007      100.000
GET     172.031      100.000
GET     172.031      100.000
GET     172.031      100.000
GET     172.031      100.000
GET     172.031      100.000
GET     172.031      100.000
GET     172.031      100.000
GET     172.031      100.000
GET     172.031      100.000
GET     172.031      100.000
GET     187.391      100.000
GET     187.391      100.000
---
WAIT      0.000      100.000
