12        Threads
50        Connections per thread
50        Seconds


ALL STATS
============================================================================================================================================
Type         Ops/sec     Hits/sec   Misses/sec    Avg. Latency     p50 Latency     p99 Latency   p99.5 Latency   p99.9 Latency       KB/sec 
--------------------------------------------------------------------------------------------------------------------------------------------
Sets       115373.57          ---          ---         0.47148         0.46300         0.71100         0.71900         0.84700      7874.15 
Gets      1153670.26       511.35   1153158.91         0.47207         0.46300         0.71100         0.71900         0.83100     29196.80 
Waits           0.00          ---          ---             ---             ---             ---             ---             ---          --- 
Totals    1269043.83       511.35   1153158.91         0.47201         0.46300         0.71100         0.71900         0.83100     37070.95 


Request Latency Distribution
Type     <= msec         Percent
------------------------------------------------------------------------
SET       0.159        0.000
SET       0.439        5.000
SET       0.439       10.000
SET       0.447       15.000
SET       0.447       20.000
SET       0.447       25.000
SET       0.455       30.000
SET       0.455       35.000
SET       0.455       40.000
SET       0.455       45.000
SET       0.463       50.000
SET       0.463       52.500
SET       0.463       55.000
SET       0.463       57.500
SET       0.463       60.000
SET       0.463       62.500
SET       0.463       65.000
SET       0.471       67.500
SET       0.471       70.000
SET       0.471       72.500
SET       0.471       75.000
SET       0.471       76.250
SET       0.471       77.500
SET       0.471       78.750
SET       0.479       80.000
SET       0.479       81.250
SET       0.479       82.500
SET       0.479       83.750
SET       0.479       85.000
SET       0.479       86.250
SET       0.479       87.500
SET       0.487       88.125
SET       0.487       88.750
SET       0.487       89.375
SET       0.487       90.000
SET       0.487       90.625
SET       0.487       91.250
SET       0.487       91.875
SET       0.495       92.500
SET       0.495       93.125
SET       0.503       93.750
SET       0.503       94.062
SET       0.503       94.375
SET       0.519       94.688
SET       0.575       95.000
SET       0.655       95.312
SET       0.671       95.625
SET       0.671       95.938
SET       0.679       96.250
SET       0.679       96.562
SET       0.687       96.875
SET       0.687       97.031
SET       0.687       97.188
SET       0.687       97.344
SET       0.695       97.500
SET       0.695       97.656
SET       0.695       97.812
SET       0.695       97.969
SET       0.695       98.125
SET       0.703       98.281
SET       0.703       98.438
SET       0.703       98.516
SET       0.703       98.594
SET       0.703       98.672
SET       0.703       98.750
SET       0.711       98.828
SET       0.711       98.906
SET       0.711       98.984
SET       0.711       99.062
SET       0.711       99.141
SET       0.711       99.219
SET       0.711       99.258
SET       0.719       99.297
SET       0.719       99.336
SET       0.719       99.375
SET       0.719       99.414
SET       0.719       99.453
SET       0.719       99.492
SET       0.719       99.531
SET       0.727       99.570
SET       0.727       99.609
SET       0.727       99.629
SET       0.727       99.648
SET       0.727       99.668
SET       0.727       99.688
SET       0.727       99.707
SET       0.727       99.727
SET       0.735       99.746
SET       0.735       99.766
SET       0.735       99.785
SET       0.735       99.805
SET       0.743       99.814
SET       0.743       99.824
SET       0.743       99.834
SET       0.743       99.844
SET       0.751       99.854
SET       0.751       99.863
SET       0.759       99.873
SET       0.775       99.883
SET       0.815       99.893
SET       0.863       99.902
SET       0.895       99.907
SET       0.943       99.912
SET       1.159       99.917
SET       1.447       99.922
SET       1.703       99.927
SET       1.991       99.932
SET       2.287       99.937
SET       2.543       99.941
SET       2.815       99.946
SET       3.103       99.951
SET       3.231       99.954
SET       3.359       99.956
SET       3.503       99.958
SET       3.647       99.961
SET       3.807       99.963
SET       3.967       99.966
SET       4.095       99.968
SET       4.287       99.971
SET       4.415       99.973
SET       4.543       99.976
SET       4.607       99.977
SET       4.703       99.978
SET       4.735       99.979
SET       4.831       99.980
SET       4.895       99.982
SET       4.959       99.983
SET       5.023       99.984
SET       5.087       99.985
SET       5.151       99.987
SET       5.183       99.988
SET       5.247       99.988
SET       5.279       99.989
SET       5.279       99.990
SET       5.311       99.990
SET       5.375       99.991
SET       5.375       99.991
SET       5.407       99.992
SET       5.439       99.993
SET       5.503       99.993
SET       5.503       99.994
SET       5.503       99.994
SET       5.535       99.995
SET       5.535       99.995
SET       5.567       99.995
SET       5.599       99.995
SET       5.599       99.996
SET       5.599       99.996
SET       5.599       99.996
SET       5.631       99.997
SET       5.631       99.997
SET       5.631       99.997
SET       5.663       99.997
SET       5.695       99.997
SET       5.695       99.998
SET       5.695       99.998
SET       5.727       99.998
SET       5.727       99.998
SET       5.727       99.998
SET       5.727       99.998
SET       5.727       99.998
SET       5.759       99.999
SET       5.759       99.999
SET       5.759       99.999
SET       5.791       99.999
SET       5.791       99.999
SET       5.823       99.999
SET       5.823       99.999
SET       5.823       99.999
SET       5.823       99.999
SET       5.855       99.999
SET       5.855       99.999
SET       5.855       99.999
SET       5.855       99.999
SET       5.855       99.999
SET       5.855       99.999
SET       5.887       99.999
SET       5.919      100.000
SET       5.919      100.000
SET       5.919      100.000
SET       5.919      100.000
SET       5.919      100.000
SET       5.951      100.000
SET       5.951      100.000
SET       5.951      100.000
SET       5.951      100.000
SET       5.951      100.000
SET       5.983      100.000
SET       5.983      100.000
SET       6.015      100.000
SET       6.047      100.000
SET       6.047      100.000
SET       6.047      100.000
SET       6.047      100.000
SET       6.047      100.000
SET       6.047      100.000
SET       6.047      100.000
SET       6.047      100.000
SET       6.079      100.000
SET       6.079      100.000
SET       6.079      100.000
SET       6.079      100.000
SET       6.079      100.000
SET       6.079      100.000
SET       6.079      100.000
SET       6.079      100.000
SET       6.111      100.000
SET       6.111      100.000
SET       6.111      100.000
SET       6.111      100.000
SET       6.143      100.000
SET       6.143      100.000
SET       6.143      100.000
SET       6.143      100.000
SET       6.143      100.000
SET       6.143      100.000
SET       6.143      100.000
SET       6.143      100.000
SET       6.143      100.000
SET       6.143      100.000
SET       6.143      100.000
SET       6.143      100.000
SET       6.143      100.000
SET       6.143      100.000
SET       6.143      100.000
SET       6.143      100.000
SET       6.207      100.000
SET       6.207      100.000
---
GET       0.087        0.000
GET       0.439        5.000
GET       0.447       10.000
GET       0.447       15.000
GET       0.447       20.000
GET       0.455       25.000
GET       0.455       30.000
GET       0.455       35.000
GET       0.455       40.000
GET       0.463       45.000
GET       0.463       50.000
GET       0.463       52.500
GET       0.463       55.000
GET       0.463       57.500
GET       0.463       60.000
GET       0.471       62.500
GET       0.471       65.000
GET       0.471       67.500
GET       0.471       70.000
GET       0.471       72.500
GET       0.471       75.000
GET       0.471       76.250
GET       0.479       77.500
GET       0.479       78.750
GET       0.479       80.000
GET       0.479       81.250
GET       0.479       82.500
GET       0.479       83.750
GET       0.479       85.000
GET       0.479       86.250
GET       0.487       87.500
GET       0.487       88.125
GET       0.487       88.750
GET       0.487       89.375
GET       0.487       90.000
GET       0.487       90.625
GET       0.487       91.250
GET       0.487       91.875
GET       0.495       92.500
GET       0.495       93.125
GET       0.495       93.750
GET       0.495       94.062
GET       0.503       94.375
GET       0.503       94.688
GET       0.511       95.000
GET       0.543       95.312
GET       0.599       95.625
GET       0.663       95.938
GET       0.671       96.250
GET       0.679       96.562
GET       0.679       96.875
GET       0.679       97.031
GET       0.687       97.188
GET       0.687       97.344
GET       0.687       97.500
GET       0.687       97.656
GET       0.695       97.812
GET       0.695       97.969
GET       0.695       98.125
GET       0.695       98.281
GET       0.703       98.438
GET       0.703       98.516
GET       0.703       98.594
GET       0.703       98.672
GET       0.703       98.750
GET       0.703       98.828
GET       0.703       98.906
GET       0.703       98.984
GET       0.711       99.062
GET       0.711       99.141
GET       0.711       99.219
GET       0.711       99.258
GET       0.711       99.297
GET       0.711       99.336
GET       0.711       99.375
GET       0.719       99.414
GET       0.719       99.453
GET       0.719       99.492
GET       0.719       99.531
GET       0.719       99.570
GET       0.719       99.609
GET       0.727       99.629
GET       0.727       99.648
GET       0.727       99.668
GET       0.727       99.688
GET       0.727       99.707
GET       0.727       99.727
GET       0.727       99.746
GET       0.735       99.766
GET       0.735       99.785
GET       0.735       99.805
GET       0.735       99.814
GET       0.735       99.824
GET       0.743       99.834
GET       0.743       99.844
GET       0.743       99.854
GET       0.743       99.863
GET       0.751       99.873
GET       0.759       99.883
GET       0.791       99.893
GET       0.847       99.902
GET       0.879       99.907
GET       0.919       99.912
GET       1.063       99.917
GET       1.327       99.922
GET       1.607       99.927
GET       1.895       99.932
GET       2.191       99.937
GET       2.463       99.941
GET       2.751       99.946
GET       3.039       99.951
GET       3.183       99.954
GET       3.327       99.956
GET       3.471       99.958
GET       3.615       99.961
GET       3.759       99.963
GET       3.887       99.966
GET       4.047       99.968
GET       4.191       99.971
GET       4.319       99.973
GET       4.479       99.976
GET       4.543       99.977
GET       4.607       99.978
GET       4.671       99.979
GET       4.735       99.980
GET       4.831       99.982
GET       4.895       99.983
GET       4.959       99.984
GET       5.023       99.985
GET       5.087       99.987
GET       5.183       99.988
GET       5.183       99.988
GET       5.247       99.989
GET       5.279       99.990
GET       5.279       99.990
GET       5.311       99.991
GET       5.375       99.991
GET       5.375       99.992
GET       5.407       99.993
GET       5.439       99.993
GET       5.503       99.994
GET       5.503       99.994
GET       5.503       99.995
GET       5.503       99.995
GET       5.535       99.995
GET       5.535       99.995
GET       5.567       99.996
GET       5.599       99.996
GET       5.599       99.996
GET       5.599       99.997
GET       5.631       99.997
GET       5.631       99.997
GET       5.631       99.997
GET       5.631       99.997
GET       5.631       99.998
GET       5.663       99.998
GET       5.695       99.998
GET       5.695       99.998
GET       5.695       99.998
GET       5.727       99.998
GET       5.727       99.998
GET       5.727       99.999
GET       5.727       99.999
GET       5.727       99.999
GET       5.727       99.999
GET       5.727       99.999
GET       5.759       99.999
GET       5.759       99.999
GET       5.791       99.999
GET       5.791       99.999
GET       5.823       99.999
GET       5.823       99.999
GET       5.823       99.999
GET       5.823       99.999
GET       5.823       99.999
GET       5.823       99.999
GET       5.823       99.999
GET       5.855      100.000
GET       5.855      100.000
GET       5.855      100.000
GET       5.855      100.000
GET       5.887      100.000
GET       5.887      100.000
GET       5.887      100.000
GET       5.919      100.000
GET       5.919      100.000
GET       5.919      100.000
GET       5.919      100.000
GET       5.919      100.000
GET       5.919      100.000
GET       5.951      100.000
GET       5.951      100.000
GET       5.951      100.000
GET       5.951      100.000
GET       5.983      100.000
GET       5.983      100.000
GET       5.983      100.000
GET       6.015      100.000
GET       6.015      100.000
GET       6.015      100.000
GET       6.047      100.000
GET       6.047      100.000
GET       6.047      100.000
GET       6.047      100.000
GET       6.047      100.000
GET       6.047      100.000
GET       6.047      100.000
GET       6.047      100.000
GET       6.047      100.000
GET       6.047      100.000
GET       6.079      100.000
GET       6.079      100.000
GET       6.079      100.000
GET       6.079      100.000
GET       6.079      100.000
GET       6.079      100.000
GET       6.079      100.000
GET       6.079      100.000
GET       6.079      100.000
GET       6.079      100.000
GET       6.079      100.000
GET       6.079      100.000
GET       6.111      100.000
GET       6.111      100.000
GET       6.111      100.000
GET       6.111      100.000
GET       6.143      100.000
GET       6.143      100.000
GET       6.143      100.000
GET       6.143      100.000
GET       6.143      100.000
GET       6.143      100.000
GET       6.143      100.000
GET       6.143      100.000
GET       6.143      100.000
GET       6.143      100.000
GET       6.175      100.000
GET       6.175      100.000
GET       6.175      100.000
GET       6.175      100.000
GET       6.175      100.000
GET       6.175      100.000
GET       6.175      100.000
GET       6.175      100.000
GET       6.175      100.000
GET       6.175      100.000
GET       6.175      100.000
GET       6.175      100.000
GET       6.175      100.000
GET       6.207      100.000
GET       6.207      100.000
GET       6.207      100.000
GET       6.207      100.000
GET       6.207      100.000
GET       6.207      100.000
GET       6.207      100.000
GET       6.207      100.000
GET       6.207      100.000
GET       6.207      100.000
GET       6.239      100.000
GET       6.239      100.000
---
WAIT      0.000      100.000
