12        Threads
50        Connections per thread
100       Seconds


ALL STATS
============================================================================================================================================
Type         Ops/sec     Hits/sec   Misses/sec    Avg. Latency     p50 Latency     p99 Latency   p99.5 Latency   p99.9 Latency       KB/sec 
--------------------------------------------------------------------------------------------------------------------------------------------
Sets        12243.41          ---          ---         4.53581         4.38300         8.95900        10.11100        16.38300       835.47 
Gets       122404.33         6.00    122398.33         4.44586         4.31900         8.83100         9.47100        14.91100      3094.72 
Waits           0.00          ---          ---             ---             ---             ---             ---             ---          --- 
Totals     134647.75         6.00    122398.33         4.45404         4.31900         8.83100         9.53500        15.10300      3930.18 


Request Latency Distribution
Type     <= msec         Percent
------------------------------------------------------------------------
SET       0.375        0.000
SET       4.047        5.000
SET       4.127       10.000
SET       4.191       15.000
SET       4.223       20.000
SET       4.255       25.000
SET       4.287       30.000
SET       4.287       35.000
SET       4.319       40.000
SET       4.351       45.000
SET       4.383       50.000
SET       4.383       52.500
SET       4.415       55.000
SET       4.415       57.500
SET       4.415       60.000
SET       4.447       62.500
SET       4.447       65.000
SET       4.479       67.500
SET       4.479       70.000
SET       4.511       72.500
SET       4.511       75.000
SET       4.543       76.250
SET       4.543       77.500
SET       4.543       78.750
SET       4.575       80.000
SET       4.575       81.250
SET       4.575       82.500
SET       4.607       83.750
SET       4.607       85.000
SET       4.639       86.250
SET       4.639       87.500
SET       4.671       88.125
SET       4.671       88.750
SET       4.671       89.375
SET       4.703       90.000
SET       4.703       90.625
SET       4.735       91.250
SET       4.735       91.875
SET       4.767       92.500
SET       4.767       93.125
SET       4.831       93.750
SET       4.831       94.062
SET       4.863       94.375
SET       4.895       94.688
SET       4.959       95.000
SET       5.055       95.312
SET       5.279       95.625
SET       5.791       95.938
SET       6.623       96.250
SET       7.583       96.562
SET       8.095       96.875
SET       8.255       97.031
SET       8.319       97.188
SET       8.383       97.344
SET       8.447       97.500
SET       8.511       97.656
SET       8.511       97.812
SET       8.575       97.969
SET       8.639       98.125
SET       8.703       98.281
SET       8.767       98.438
SET       8.767       98.516
SET       8.767       98.594
SET       8.831       98.672
SET       8.831       98.750
SET       8.895       98.828
SET       8.959       98.906
SET       8.959       98.984
SET       9.023       99.062
SET       9.087       99.141
SET       9.151       99.219
SET       9.215       99.258
SET       9.215       99.297
SET       9.343       99.336
SET       9.407       99.375
SET       9.599       99.414
SET       9.791       99.453
SET      10.047       99.492
SET      10.303       99.531
SET      10.559       99.570
SET      10.943       99.609
SET      11.071       99.629
SET      11.263       99.648
SET      11.455       99.668
SET      11.647       99.688
SET      11.775       99.707
SET      11.967       99.727
SET      12.159       99.746
SET      12.351       99.766
SET      12.543       99.785
SET      12.799       99.805
SET      12.991       99.814
SET      13.247       99.824
SET      13.439       99.834
SET      13.759       99.844
SET      14.079       99.854
SET      14.463       99.863
SET      14.911       99.873
SET      15.423       99.883
SET      15.871       99.893
SET      16.511       99.902
SET      16.767       99.907
SET      17.023       99.912
SET      17.407       99.917
SET      17.663       99.922
SET      17.919       99.927
SET      18.175       99.932
SET      18.431       99.937
SET      18.815       99.941
SET      19.199       99.946
SET      19.711       99.951
SET      19.839       99.954
SET      20.095       99.956
SET      20.351       99.958
SET      20.735       99.961
SET      20.863       99.963
SET      21.247       99.966
SET      21.759       99.968
SET      22.143       99.971
SET      22.527       99.973
SET      22.783       99.976
SET      23.167       99.977
SET      23.295       99.978
SET      23.551       99.979
SET      23.807       99.980
SET      24.063       99.982
SET      24.191       99.983
SET      24.319       99.984
SET      24.703       99.985
SET      24.831       99.987
SET      25.215       99.988
SET      25.343       99.988
SET      25.471       99.989
SET      25.599       99.990
SET      25.727       99.990
SET      25.983       99.991
SET      26.111       99.991
SET      26.495       99.992
SET      27.007       99.993
SET      27.391       99.993
SET      27.775       99.994
SET      27.903       99.994
SET      28.031       99.995
SET      28.159       99.995
SET      28.415       99.995
SET      28.415       99.995
SET      28.671       99.996
SET      28.799       99.996
SET      29.311       99.996
SET      29.567       99.997
SET      29.823       99.997
SET      29.951       99.997
SET      29.951       99.997
SET      30.079       99.997
SET      30.207       99.998
SET      30.207       99.998
SET      30.207       99.998
SET      30.463       99.998
SET      30.719       99.998
SET      31.103       99.998
SET      31.359       99.998
SET      31.743       99.999
SET      31.871       99.999
SET      32.127       99.999
SET      32.127       99.999
SET      32.127       99.999
SET      32.383       99.999
SET      32.511       99.999
SET      32.511       99.999
SET      33.023       99.999
SET      33.791       99.999
SET      34.047       99.999
SET      34.047       99.999
SET      34.303       99.999
SET      34.303       99.999
SET      34.303       99.999
SET      34.303       99.999
SET      34.303      100.000
SET      34.815      100.000
SET      34.815      100.000
SET      35.583      100.000
SET      35.583      100.000
SET      35.583      100.000
SET      36.351      100.000
SET      36.351      100.000
SET      36.351      100.000
SET      36.351      100.000
SET      36.351      100.000
SET      36.863      100.000
SET      36.863      100.000
SET      36.863      100.000
SET      36.863      100.000
SET      36.863      100.000
SET      37.119      100.000
SET      37.119      100.000
SET      37.119      100.000
SET      37.119      100.000
SET      37.119      100.000
SET      37.119      100.000
SET      37.119      100.000
SET      37.119      100.000
SET      37.119      100.000
SET      37.119      100.000
SET      38.655      100.000
SET      38.655      100.000
---
GET       0.287        0.000
GET       3.967        5.000
GET       4.047       10.000
GET       4.095       15.000
GET       4.159       20.000
GET       4.191       25.000
GET       4.191       30.000
GET       4.223       35.000
GET       4.255       40.000
GET       4.287       45.000
GET       4.319       50.000
GET       4.319       52.500
GET       4.319       55.000
GET       4.351       57.500
GET       4.351       60.000
GET       4.383       62.500
GET       4.383       65.000
GET       4.383       67.500
GET       4.415       70.000
GET       4.415       72.500
GET       4.447       75.000
GET       4.447       76.250
GET       4.479       77.500
GET       4.479       78.750
GET       4.479       80.000
GET       4.511       81.250
GET       4.511       82.500
GET       4.511       83.750
GET       4.543       85.000
GET       4.543       86.250
GET       4.575       87.500
GET       4.575       88.125
GET       4.575       88.750
GET       4.607       89.375
GET       4.607       90.000
GET       4.607       90.625
GET       4.639       91.250
GET       4.639       91.875
GET       4.671       92.500
GET       4.671       93.125
GET       4.703       93.750
GET       4.735       94.062
GET       4.735       94.375
GET       4.767       94.688
GET       4.799       95.000
GET       4.831       95.312
GET       4.863       95.625
GET       4.991       95.938
GET       5.503       96.250
GET       6.719       96.562
GET       7.775       96.875
GET       7.999       97.031
GET       8.127       97.188
GET       8.255       97.344
GET       8.319       97.500
GET       8.383       97.656
GET       8.447       97.812
GET       8.511       97.969
GET       8.511       98.125
GET       8.575       98.281
GET       8.639       98.438
GET       8.639       98.516
GET       8.703       98.594
GET       8.703       98.672
GET       8.767       98.750
GET       8.767       98.828
GET       8.831       98.906
GET       8.831       98.984
GET       8.895       99.062
GET       8.895       99.141
GET       8.959       99.219
GET       9.023       99.258
GET       9.023       99.297
GET       9.087       99.336
GET       9.151       99.375
GET       9.215       99.414
GET       9.279       99.453
GET       9.407       99.492
GET       9.663       99.531
GET       9.919       99.570
GET      10.239       99.609
GET      10.431       99.629
GET      10.623       99.648
GET      10.815       99.668
GET      11.007       99.688
GET      11.135       99.707
GET      11.391       99.727
GET      11.583       99.746
GET      11.775       99.766
GET      12.031       99.785
GET      12.223       99.805
GET      12.351       99.814
GET      12.479       99.824
GET      12.607       99.834
GET      12.863       99.844
GET      13.055       99.854
GET      13.311       99.863
GET      13.695       99.873
GET      14.079       99.883
GET      14.527       99.893
GET      15.103       99.902
GET      15.359       99.907
GET      15.615       99.912
GET      15.935       99.917
GET      16.255       99.922
GET      16.639       99.927
GET      16.895       99.932
GET      17.279       99.937
GET      17.663       99.941
GET      17.919       99.946
GET      18.431       99.951
GET      18.687       99.954
GET      18.943       99.956
GET      19.327       99.958
GET      19.455       99.961
GET      19.839       99.963
GET      20.223       99.966
GET      20.607       99.968
GET      21.119       99.971
GET      21.631       99.973
GET      22.143       99.976
GET      22.399       99.977
GET      22.527       99.978
GET      22.783       99.979
GET      23.039       99.980
GET      23.295       99.982
GET      23.679       99.983
GET      23.935       99.984
GET      24.191       99.985
GET      24.447       99.987
GET      24.831       99.988
GET      25.087       99.988
GET      25.215       99.989
GET      25.343       99.990
GET      25.471       99.990
GET      25.599       99.991
GET      25.855       99.991
GET      26.111       99.992
GET      26.367       99.993
GET      26.751       99.993
GET      27.007       99.994
GET      27.263       99.994
GET      27.391       99.995
GET      27.519       99.995
GET      27.775       99.995
GET      28.031       99.995
GET      28.159       99.996
GET      28.415       99.996
GET      28.543       99.996
GET      28.799       99.997
GET      29.183       99.997
GET      29.311       99.997
GET      29.439       99.997
GET      29.695       99.997
GET      29.823       99.998
GET      29.951       99.998
GET      30.079       99.998
GET      30.463       99.998
GET      30.719       99.998
GET      30.719       99.998
GET      30.975       99.998
GET      31.103       99.999
GET      31.231       99.999
GET      31.615       99.999
GET      31.871       99.999
GET      31.999       99.999
GET      32.255       99.999
GET      32.639       99.999
GET      32.767       99.999
GET      33.023       99.999
GET      33.535       99.999
GET      33.791       99.999
GET      33.791       99.999
GET      34.047       99.999
GET      34.303       99.999
GET      34.559       99.999
GET      34.815       99.999
GET      35.071      100.000
GET      35.071      100.000
GET      35.583      100.000
GET      35.583      100.000
GET      35.583      100.000
GET      35.583      100.000
GET      35.839      100.000
GET      36.095      100.000
GET      36.095      100.000
GET      36.607      100.000
GET      36.863      100.000
GET      36.863      100.000
GET      36.863      100.000
GET      37.375      100.000
GET      37.631      100.000
GET      37.631      100.000
GET      37.887      100.000
GET      37.887      100.000
GET      37.887      100.000
GET      38.143      100.000
GET      38.143      100.000
GET      38.143      100.000
GET      38.399      100.000
GET      38.399      100.000
GET      38.399      100.000
GET      38.655      100.000
GET      38.911      100.000
GET      38.911      100.000
GET      38.911      100.000
GET      38.911      100.000
GET      38.911      100.000
GET      38.911      100.000
GET      39.167      100.000
GET      39.167      100.000
GET      39.167      100.000
GET      39.167      100.000
GET      39.423      100.000
GET      39.423      100.000
GET      39.423      100.000
GET      39.423      100.000
GET      39.679      100.000
GET      39.679      100.000
GET      39.679      100.000
GET      39.679      100.000
GET      39.679      100.000
GET      39.679      100.000
GET      39.679      100.000
GET      39.679      100.000
GET      39.679      100.000
GET      39.679      100.000
GET      39.935      100.000
GET      39.935      100.000
GET      39.935      100.000
GET      39.935      100.000
GET      39.935      100.000
GET      39.935      100.000
GET      39.935      100.000
GET      39.935      100.000
GET      39.935      100.000
GET      39.935      100.000
GET      42.751      100.000
GET      42.751      100.000
---
WAIT      0.000      100.000
