12        Threads
50        Connections per thread
100       Seconds


ALL STATS
============================================================================================================================================
Type         Ops/sec     Hits/sec   Misses/sec    Avg. Latency     p50 Latency     p99 Latency   p99.5 Latency   p99.9 Latency       KB/sec 
--------------------------------------------------------------------------------------------------------------------------------------------
Sets        26567.01          ---          ---         2.05944         1.91100         3.02300         3.31100        10.30300      1813.12 
Gets       265640.08       111.83    265528.25         2.05652         1.91100         3.02300         3.27900        10.11100      6722.50 
Waits           0.00          ---          ---             ---             ---             ---             ---             ---          --- 
Totals     292207.09       111.83    265528.25         2.05679         1.91100         3.02300         3.27900        10.11100      8535.61 


Request Latency Distribution
Type     <= msec         Percent
------------------------------------------------------------------------
SET       0.583        0.000
SET       1.807        5.000
SET       1.831       10.000
SET       1.847       15.000
SET       1.863       20.000
SET       1.871       25.000
SET       1.879       30.000
SET       1.887       35.000
SET       1.895       40.000
SET       1.903       45.000
SET       1.911       50.000
SET       1.911       52.500
SET       1.919       55.000
SET       1.927       57.500
SET       1.927       60.000
SET       1.935       62.500
SET       1.935       65.000
SET       1.943       67.500
SET       1.951       70.000
SET       1.959       72.500
SET       1.967       75.000
SET       1.975       76.250
SET       1.983       77.500
SET       1.983       78.750
SET       1.999       80.000
SET       2.007       81.250
SET       2.023       82.500
SET       2.063       83.750
SET       2.591       85.000
SET       2.735       86.250
SET       2.767       87.500
SET       2.783       88.125
SET       2.799       88.750
SET       2.799       89.375
SET       2.815       90.000
SET       2.831       90.625
SET       2.831       91.250
SET       2.847       91.875
SET       2.847       92.500
SET       2.863       93.125
SET       2.863       93.750
SET       2.863       94.062
SET       2.879       94.375
SET       2.879       94.688
SET       2.879       95.000
SET       2.895       95.312
SET       2.895       95.625
SET       2.895       95.938
SET       2.911       96.250
SET       2.911       96.562
SET       2.927       96.875
SET       2.927       97.031
SET       2.927       97.188
SET       2.927       97.344
SET       2.943       97.500
SET       2.943       97.656
SET       2.943       97.812
SET       2.959       97.969
SET       2.959       98.125
SET       2.959       98.281
SET       2.975       98.438
SET       2.975       98.516
SET       2.991       98.594
SET       2.991       98.672
SET       2.991       98.750
SET       3.007       98.828
SET       3.007       98.906
SET       3.023       98.984
SET       3.023       99.062
SET       3.039       99.141
SET       3.055       99.219
SET       3.071       99.258
SET       3.087       99.297
SET       3.103       99.336
SET       3.135       99.375
SET       3.167       99.414
SET       3.215       99.453
SET       3.295       99.492
SET       3.407       99.531
SET       3.519       99.570
SET       3.727       99.609
SET       3.967       99.629
SET       4.287       99.648
SET       4.703       99.668
SET       5.151       99.688
SET       5.599       99.707
SET       6.079       99.727
SET       6.559       99.746
SET       7.039       99.766
SET       7.519       99.785
SET       8.031       99.805
SET       8.255       99.814
SET       8.511       99.824
SET       8.767       99.834
SET       8.959       99.844
SET       9.215       99.854
SET       9.471       99.863
SET       9.663       99.873
SET       9.919       99.883
SET      10.111       99.893
SET      10.367       99.902
SET      10.495       99.907
SET      10.559       99.912
SET      10.623       99.917
SET      10.751       99.922
SET      10.815       99.927
SET      10.943       99.932
SET      11.007       99.937
SET      11.071       99.941
SET      11.199       99.946
SET      11.263       99.951
SET      11.327       99.954
SET      11.327       99.956
SET      11.391       99.958
SET      11.391       99.961
SET      11.455       99.963
SET      11.519       99.966
SET      11.519       99.968
SET      11.583       99.971
SET      11.583       99.973
SET      11.647       99.976
SET      11.711       99.977
SET      11.711       99.978
SET      11.711       99.979
SET      11.775       99.980
SET      11.775       99.982
SET      11.839       99.983
SET      11.903       99.984
SET      11.903       99.985
SET      11.967       99.987
SET      12.031       99.988
SET      12.031       99.988
SET      12.095       99.989
SET      12.095       99.990
SET      12.095       99.990
SET      12.159       99.991
SET      12.159       99.991
SET      12.223       99.992
SET      12.287       99.993
SET      12.351       99.993
SET      12.415       99.994
SET      12.415       99.994
SET      12.543       99.995
SET      12.543       99.995
SET      12.607       99.995
SET      12.671       99.995
SET      12.735       99.996
SET      12.735       99.996
SET      12.799       99.996
SET      12.991       99.997
SET      13.119       99.997
SET      13.119       99.997
SET      13.183       99.997
SET      13.247       99.997
SET      13.439       99.998
SET      13.439       99.998
SET      13.503       99.998
SET      13.631       99.998
SET      13.695       99.998
SET      13.823       99.998
SET      13.887       99.998
SET      14.015       99.999
SET      14.143       99.999
SET      14.207       99.999
SET      14.399       99.999
SET      14.527       99.999
SET      14.591       99.999
SET      14.719       99.999
SET      14.975       99.999
SET      15.103       99.999
SET      15.103       99.999
SET      15.103       99.999
SET      15.167       99.999
SET      15.295       99.999
SET      15.295       99.999
SET      15.359       99.999
SET      15.423       99.999
SET      15.551      100.000
SET      15.615      100.000
SET      15.679      100.000
SET      15.679      100.000
SET      15.679      100.000
SET      15.679      100.000
SET      15.743      100.000
SET      15.743      100.000
SET      15.743      100.000
SET      15.743      100.000
SET      15.807      100.000
SET      15.807      100.000
SET      15.807      100.000
SET      15.807      100.000
SET      15.807      100.000
SET      15.807      100.000
SET      15.807      100.000
SET      15.807      100.000
SET      16.383      100.000
SET      16.383      100.000
SET      16.383      100.000
SET      16.383      100.000
SET      17.151      100.000
SET      17.151      100.000
SET      17.151      100.000
SET      17.151      100.000
SET      17.151      100.000
SET      17.151      100.000
SET      20.607      100.000
SET      20.607      100.000
SET      20.607      100.000
SET      20.607      100.000
SET      20.607      100.000
SET      20.607      100.000
SET      20.607      100.000
SET      20.607      100.000
SET      20.607      100.000
SET      20.607      100.000
SET      22.271      100.000
SET      22.271      100.000
---
GET       0.447        0.000
GET       1.799        5.000
GET       1.831       10.000
GET       1.847       15.000
GET       1.863       20.000
GET       1.871       25.000
GET       1.879       30.000
GET       1.887       35.000
GET       1.895       40.000
GET       1.903       45.000
GET       1.911       50.000
GET       1.911       52.500
GET       1.919       55.000
GET       1.919       57.500
GET       1.927       60.000
GET       1.935       62.500
GET       1.935       65.000
GET       1.943       67.500
GET       1.951       70.000
GET       1.959       72.500
GET       1.967       75.000
GET       1.975       76.250
GET       1.975       77.500
GET       1.983       78.750
GET       1.991       80.000
GET       2.007       81.250
GET       2.023       82.500
GET       2.063       83.750
GET       2.543       85.000
GET       2.735       86.250
GET       2.767       87.500
GET       2.783       88.125
GET       2.799       88.750
GET       2.799       89.375
GET       2.815       90.000
GET       2.815       90.625
GET       2.831       91.250
GET       2.831       91.875
GET       2.847       92.500
GET       2.863       93.125
GET       2.863       93.750
GET       2.863       94.062
GET       2.879       94.375
GET       2.879       94.688
GET       2.879       95.000
GET       2.879       95.312
GET       2.895       95.625
GET       2.895       95.938
GET       2.911       96.250
GET       2.911       96.562
GET       2.911       96.875
GET       2.927       97.031
GET       2.927       97.188
GET       2.927       97.344
GET       2.927       97.500
GET       2.943       97.656
GET       2.943       97.812
GET       2.943       97.969
GET       2.959       98.125
GET       2.959       98.281
GET       2.975       98.438
GET       2.975       98.516
GET       2.975       98.594
GET       2.991       98.672
GET       2.991       98.750
GET       2.991       98.828
GET       3.007       98.906
GET       3.023       98.984
GET       3.023       99.062
GET       3.039       99.141
GET       3.055       99.219
GET       3.071       99.258
GET       3.071       99.297
GET       3.087       99.336
GET       3.119       99.375
GET       3.151       99.414
GET       3.199       99.453
GET       3.263       99.492
GET       3.375       99.531
GET       3.487       99.570
GET       3.631       99.609
GET       3.823       99.629
GET       4.079       99.648
GET       4.479       99.668
GET       4.895       99.688
GET       5.343       99.707
GET       5.791       99.727
GET       6.271       99.746
GET       6.751       99.766
GET       7.231       99.785
GET       7.711       99.805
GET       7.967       99.814
GET       8.255       99.824
GET       8.447       99.834
GET       8.703       99.844
GET       8.959       99.854
GET       9.215       99.863
GET       9.471       99.873
GET       9.663       99.883
GET       9.919       99.893
GET      10.175       99.902
GET      10.303       99.907
GET      10.367       99.912
GET      10.495       99.917
GET      10.623       99.922
GET      10.687       99.927
GET      10.815       99.932
GET      10.879       99.937
GET      11.007       99.941
GET      11.071       99.946
GET      11.199       99.951
GET      11.199       99.954
GET      11.263       99.956
GET      11.263       99.958
GET      11.327       99.961
GET      11.391       99.963
GET      11.391       99.966
GET      11.455       99.968
GET      11.519       99.971
GET      11.583       99.973
GET      11.583       99.976
GET      11.647       99.977
GET      11.647       99.978
GET      11.711       99.979
GET      11.711       99.980
GET      11.775       99.982
GET      11.775       99.983
GET      11.839       99.984
GET      11.839       99.985
GET      11.903       99.987
GET      11.967       99.988
GET      11.967       99.988
GET      12.031       99.989
GET      12.031       99.990
GET      12.095       99.990
GET      12.095       99.991
GET      12.159       99.991
GET      12.223       99.992
GET      12.223       99.993
GET      12.287       99.993
GET      12.351       99.994
GET      12.415       99.994
GET      12.415       99.995
GET      12.479       99.995
GET      12.543       99.995
GET      12.607       99.995
GET      12.671       99.996
GET      12.735       99.996
GET      12.799       99.996
GET      12.863       99.997
GET      12.991       99.997
GET      13.055       99.997
GET      13.119       99.997
GET      13.183       99.997
GET      13.247       99.998
GET      13.375       99.998
GET      13.439       99.998
GET      13.503       99.998
GET      13.631       99.998
GET      13.759       99.998
GET      13.887       99.998
GET      14.015       99.999
GET      14.207       99.999
GET      14.271       99.999
GET      14.335       99.999
GET      14.399       99.999
GET      14.527       99.999
GET      14.655       99.999
GET      14.783       99.999
GET      14.975       99.999
GET      15.103       99.999
GET      15.167       99.999
GET      15.231       99.999
GET      15.295       99.999
GET      15.359       99.999
GET      15.423       99.999
GET      15.423       99.999
GET      15.551      100.000
GET      15.615      100.000
GET      15.679      100.000
GET      15.743      100.000
GET      15.807      100.000
GET      15.807      100.000
GET      15.871      100.000
GET      15.999      100.000
GET      16.191      100.000
GET      16.319      100.000
GET      16.383      100.000
GET      16.639      100.000
GET      16.895      100.000
GET      17.151      100.000
GET      17.151      100.000
GET      17.151      100.000
GET      17.151      100.000
GET      17.279      100.000
GET      17.663      100.000
GET      18.047      100.000
GET      18.175      100.000
GET      18.431      100.000
GET      18.687      100.000
GET      18.943      100.000
GET      19.071      100.000
GET      19.327      100.000
GET      19.455      100.000
GET      19.711      100.000
GET      19.839      100.000
GET      19.839      100.000
GET      20.095      100.000
GET      20.095      100.000
GET      20.223      100.000
GET      20.479      100.000
GET      20.479      100.000
GET      20.479      100.000
GET      20.479      100.000
GET      20.479      100.000
GET      20.735      100.000
GET      20.991      100.000
GET      20.991      100.000
GET      21.119      100.000
GET      21.375      100.000
GET      21.375      100.000
GET      21.375      100.000
GET      21.631      100.000
GET      21.631      100.000
GET      21.631      100.000
GET      21.631      100.000
GET      21.631      100.000
GET      21.631      100.000
GET      22.015      100.000
GET      22.015      100.000
GET      22.015      100.000
GET      22.015      100.000
GET      22.015      100.000
GET      22.015      100.000
GET      22.015      100.000
GET      22.015      100.000
GET      22.015      100.000
GET      22.015      100.000
GET      22.143      100.000
GET      22.143      100.000
---
WAIT      0.000      100.000
